Log file open, 02/04/19 15:58:53
LogWindows: Failed to load 'aqProf.dll' (GetLastError=126)
LogWindows: File 'aqProf.dll' does not exist
LogWindows: Failed to load 'VtuneApi.dll' (GetLastError=126)
LogWindows: File 'VtuneApi.dll' does not exist
LogWindows: Failed to load 'VtuneApi32e.dll' (GetLastError=126)
LogWindows: File 'VtuneApi32e.dll' does not exist
LogConsoleResponse: Display: Failed to find resolution value strings in scalability ini. Falling back to default.
LogInit: Display: Running engine for game: unreal_project
LogPakFile: Registered encryption key '00000000000000000000000000000000': 0 pak files mounted, 0 remain pending
LogPlatformFile: Not using cached read wrapper
LogTaskGraph: Started task graph with 5 named threads and 23 total threads with 3 sets of task threads.
LogStats: Stats thread started at 0.290182
LogD3D11RHI: Loaded GFSDK_Aftermath_Lib.x64.dll
LogICUInternationalization: ICU TimeZone Detection - Raw Offset: +1:00, Platform Override: ''
LogPluginManager: Mounting plugin Paper2D
LogPluginManager: Mounting plugin AISupport
LogPluginManager: Mounting plugin LightPropagationVolume
LogPluginManager: Mounting plugin ActorLayerUtilities
LogPluginManager: Mounting plugin CLionSourceCodeAccess
LogPluginManager: Mounting plugin CodeLiteSourceCodeAccess
LogPluginManager: Mounting plugin GitSourceControl
LogPluginManager: Mounting plugin KDevelopSourceCodeAccess
LogPluginManager: Mounting plugin NullSourceCodeAccess
LogPluginManager: Mounting plugin PerforceSourceControl
LogPluginManager: Mounting plugin SubversionSourceControl
LogPluginManager: Mounting plugin UObjectPlugin
LogPluginManager: Mounting plugin VisualStudioCodeSourceCodeAccess
LogPluginManager: Mounting plugin VisualStudioSourceCodeAccess
LogPluginManager: Mounting plugin XCodeSourceCodeAccess
LogPluginManager: Mounting plugin AssetManagerEditor
LogPluginManager: Mounting plugin CryptoKeys
LogPluginManager: Mounting plugin DataValidation
LogPluginManager: Mounting plugin FacialAnimation
LogPluginManager: Mounting plugin GameplayTagsEditor
LogPluginManager: Mounting plugin MacGraphicsSwitching
LogPluginManager: Mounting plugin MeshEditor
LogPluginManager: Mounting plugin MobileLauncherProfileWizard
LogPluginManager: Mounting plugin PluginBrowser
LogPluginManager: Mounting plugin SpeedTreeImporter
LogPluginManager: Mounting plugin DatasmithContent
LogPluginManager: Mounting plugin VariantManagerContent
LogPluginManager: Mounting plugin AlembicImporter
LogPluginManager: Mounting plugin AppleImageUtils
LogPluginManager: Mounting plugin AppleVision
LogPluginManager: Mounting plugin BackChannel
LogPluginManager: Mounting plugin CharacterAI
LogPluginManager: Mounting plugin GeometryCache
LogPluginManager: Mounting plugin HTML5Networking
LogPluginManager: Mounting plugin ProxyLODPlugin
LogPluginManager: Mounting plugin MagicLeap
LogPluginManager: Mounting plugin MagicLeapMedia
LogPluginManager: Mounting plugin AndroidMedia
LogPluginManager: Mounting plugin AvfMedia
LogPluginManager: Mounting plugin ImgMedia
LogPluginManager: Mounting plugin LinearTimecode
LogPluginManager: Mounting plugin MediaCompositing
LogPluginManager: Mounting plugin MediaPlayerEditor
LogPluginManager: Mounting plugin WebMMedia
LogPluginManager: Mounting plugin WmfMedia
LogPluginManager: Mounting plugin TcpMessaging
LogPluginManager: Mounting plugin UdpMessaging
LogPluginManager: Mounting plugin ActorSequence
LogPluginManager: Mounting plugin LevelSequenceEditor
LogPluginManager: Mounting plugin MatineeToLevelSequence
LogPluginManager: Mounting plugin NetcodeUnitTest
LogPluginManager: Mounting plugin NUTUnrealEngine4
LogPluginManager: Mounting plugin OnlineSubsystemGooglePlay
LogPluginManager: Mounting plugin OnlineSubsystemIOS
LogPluginManager: Mounting plugin OnlineSubsystem
LogPluginManager: Mounting plugin OnlineSubsystemNull
LogPluginManager: Mounting plugin OnlineSubsystemUtils
LogPluginManager: Mounting plugin LauncherChunkInstaller
LogPluginManager: Mounting plugin AndroidDeviceProfileSelector
LogPluginManager: Mounting plugin AndroidMoviePlayer
LogPluginManager: Mounting plugin AndroidPermission
LogPluginManager: Mounting plugin AppleMoviePlayer
LogPluginManager: Mounting plugin ArchVisCharacter
LogPluginManager: Mounting plugin AudioCapture
LogPluginManager: Mounting plugin CableComponent
LogPluginManager: Mounting plugin CustomMeshComponent
LogPluginManager: Mounting plugin EditableMesh
LogPluginManager: Mounting plugin ExampleDeviceProfileSelector
LogPluginManager: Mounting plugin Firebase
LogPluginManager: Mounting plugin GoogleCloudMessaging
LogPluginManager: Mounting plugin IOSDeviceProfileSelector
LogPluginManager: Mounting plugin LinuxDeviceProfileSelector
LogPluginManager: Mounting plugin LocationServicesBPLibrary
LogPluginManager: Mounting plugin MobilePatchingUtils
LogPluginManager: Mounting plugin OculusVR
LogPluginManager: Mounting plugin PhysXVehicles
LogPluginManager: Mounting plugin ProceduralMeshComponent
LogPluginManager: Mounting plugin RuntimePhysXCooking
LogPluginManager: Mounting plugin SteamVR
LogPluginManager: Mounting plugin WebMMoviePlayer
LogPluginManager: Mounting plugin WindowsMoviePlayer
LogStreaming: Display: Took  0.087s to configure plugins.
LogInit: Using libcurl 7.55.1-DEV
LogInit:  - built for x86_64-pc-win32
LogInit:  - supports SSL with OpenSSL/1.0.2h
LogInit:  - supports HTTP deflate (compression) using libz 1.2.8
LogInit:  - other features:
LogInit:      CURL_VERSION_SSL
LogInit:      CURL_VERSION_LIBZ
LogInit:      CURL_VERSION_IPV6
LogInit:      CURL_VERSION_ASYNCHDNS
LogInit:      CURL_VERSION_LARGEFILE
LogInit:      CURL_VERSION_IDN
LogInit:  CurlRequestOptions (configurable via config and command line):
LogInit:  - bVerifyPeer = true  - Libcurl will verify peer certificate
LogInit:  - bUseHttpProxy = false  - Libcurl will NOT use HTTP proxy
LogInit:  - bDontReuseConnections = false  - Libcurl will reuse connections
LogInit:  - MaxHostConnections = 16  - Libcurl will limit the number of connections to a host
LogInit:  - LocalHostAddr = Default
LogInit:  - BufferSize = 65536
LogInit: WinSock: version 1.1 (2.2), MaxSocks=32767, MaxUdp=65467
LogInit: Build: ++UE4+Release-4.21-CL-4613538
LogInit: Engine Version: 4.21.1-4613538+++UE4+Release-4.21
LogInit: Compatible Engine Version: 4.21.0-4541578+++UE4+Release-4.21
LogInit: Net CL: 4541578
LogInit: OS: Windows 10 (), CPU: Intel(R) Core(TM) i7-8565U CPU @ 1.80GHz, GPU: Intel(R) UHD Graphics 620
LogInit: Compiled (64-bit): Nov 30 2018 04:13:25
LogInit: Compiled with Visual C++: 19.13.26129.00
LogInit: Build Configuration: Development
LogInit: Branch Name: ++UE4+Release-4.21
LogInit: Command Line: 
LogInit: Base Directory: C:/Program Files/Epic Games/UE_4.21/Engine/Binaries/Win64/
LogInit: Installed Engine Build: 1
LogDevObjectVersion: Number of dev versions registered: 22
LogDevObjectVersion:   Dev-Blueprints (B0D832E4-1F89-4F0D-ACCF-7EB736FD4AA2): 10
LogDevObjectVersion:   Dev-Build (E1C64328-A22C-4D53-A36C-8E866417BD8C): 0
LogDevObjectVersion:   Dev-Core (375EC13C-06E4-48FB-B500-84F0262A717E): 2
LogDevObjectVersion:   Dev-Editor (E4B068ED-F494-42E9-A231-DA0B2E46BB41): 26
LogDevObjectVersion:   Dev-Framework (CFFC743F-43B0-4480-9391-14DF171D2073): 34
LogDevObjectVersion:   Dev-Mobile (B02B49B5-BB20-44E9-A304-32B752E40360): 2
LogDevObjectVersion:   Dev-Networking (A4E4105C-59A1-49B5-A7C5-40C4547EDFEE): 0
LogDevObjectVersion:   Dev-Online (39C831C9-5AE6-47DC-9A44-9C173E1C8E7C): 0
LogDevObjectVersion:   Dev-Physics (78F01B33-EBEA-4F98-B9B4-84EACCB95AA2): 0
LogDevObjectVersion:   Dev-Platform (6631380F-2D4D-43E0-8009-CF276956A95A): 0
LogDevObjectVersion:   Dev-Rendering (12F88B9F-8875-4AFC-A67C-D90C383ABD29): 27
LogDevObjectVersion:   Dev-Sequencer (7B5AE74C-D270-4C10-A958-57980B212A5A): 9
LogDevObjectVersion:   Dev-VR (D7296918-1DD6-4BDD-9DE2-64A83CC13884): 2
LogDevObjectVersion:   Dev-LoadTimes (C2A15278-BFE7-4AFE-6C17-90FF531DF755): 1
LogDevObjectVersion:   Private-Geometry (6EACA3D4-40EC-4CC1-B786-8BED09428FC5): 3
LogDevObjectVersion:   Dev-AnimPhys (29E575DD-E0A3-4627-9D10-D276232CDCEA): 17
LogDevObjectVersion:   Dev-Anim (AF43A65D-7FD3-4947-9873-3E8ED9C1BB05): 2
LogDevObjectVersion:   Dev-ReflectionCapture (6B266CEC-1EC7-4B8F-A30B-E4D90942FC07): 1
LogDevObjectVersion:   Dev-Automation (0DF73D61-A23F-47EA-B727-89E90C41499A): 1
LogDevObjectVersion:   FortniteMain (601D1886-AC64-4F84-AA16-D3DE0DEAC7D6): 17
LogDevObjectVersion:   Dev-Enterprise (9DFFBCD6-494F-0158-E221-12823C92A888): 4
LogDevObjectVersion:   Dev-Niagara (F2AED0AC-9AFE-416F-8664-AA7FFA26D6FC): 1
LogStreaming: Display: Took  0.015s to delete old logs.
LogInit: Presizing for max 8388607 objects, including 0 objects not considered by GC, pre-allocating 0 bytes for permanent pool.
LogInit: Object subsystem initialized
LogConfig: Setting CVar [[con.DebugEarlyDefault:1]]
LogConfig: Setting CVar [[r.setres:1280x720]]
[2019.02.04-14.58.53:313][  0]LogConfig: Setting CVar [[r.VSync:0]]
[2019.02.04-14.58.53:313][  0]LogConfig: Setting CVar [[r.RHICmdBypass:0]]
[2019.02.04-14.58.53:313][  0]LogConfig: Applying CVar settings from Section [/Script/Engine.RendererSettings] File [C:/Users/jb/studium/5semester/gameEngines/mazeRunner/maze_runner/Saved/Config/Windows/Engine.ini]
[2019.02.04-14.58.53:313][  0]LogConfig: Setting CVar [[r.GPUCrashDebugging:0]]
[2019.02.04-14.58.53:313][  0]LogConfig: Applying CVar settings from Section [/Script/Engine.RendererOverrideSettings] File [C:/Users/jb/studium/5semester/gameEngines/mazeRunner/maze_runner/Saved/Config/Windows/Engine.ini]
[2019.02.04-14.58.53:313][  0]LogConfig: Applying CVar settings from Section [/Script/Engine.StreamingSettings] File [C:/Users/jb/studium/5semester/gameEngines/mazeRunner/maze_runner/Saved/Config/Windows/Engine.ini]
[2019.02.04-14.58.53:313][  0]LogConfig: Setting CVar [[s.MinBulkDataSizeForAsyncLoading:131072]]
[2019.02.04-14.58.53:313][  0]LogConfig: Setting CVar [[s.AsyncLoadingThreadEnabled:0]]
[2019.02.04-14.58.53:313][  0]LogConfig: Setting CVar [[s.EventDrivenLoaderEnabled:1]]
[2019.02.04-14.58.53:314][  0]LogConfig: Setting CVar [[s.WarnIfTimeLimitExceeded:0]]
[2019.02.04-14.58.53:314][  0]LogConfig: Setting CVar [[s.TimeLimitExceededMultiplier:1.5]]
[2019.02.04-14.58.53:314][  0]LogConfig: Setting CVar [[s.TimeLimitExceededMinTime:0.005]]
[2019.02.04-14.58.53:314][  0]LogConfig: Setting CVar [[s.UseBackgroundLevelStreaming:1]]
[2019.02.04-14.58.53:314][  0]LogConfig: Setting CVar [[s.PriorityAsyncLoadingExtraTime:15.0]]
[2019.02.04-14.58.53:314][  0]LogConfig: Setting CVar [[s.LevelStreamingActorsUpdateTimeLimit:5.0]]
[2019.02.04-14.58.53:314][  0]LogConfig: Setting CVar [[s.PriorityLevelStreamingActorsUpdateExtraTime:5.0]]
[2019.02.04-14.58.53:314][  0]LogConfig: Setting CVar [[s.LevelStreamingComponentsRegistrationGranularity:10]]
[2019.02.04-14.58.53:314][  0]LogConfig: Setting CVar [[s.UnregisterComponentsTimeLimit:1.0]]
[2019.02.04-14.58.53:314][  0]LogConfig: Setting CVar [[s.LevelStreamingComponentsUnregistrationGranularity:5]]
[2019.02.04-14.58.53:314][  0]LogConfig: Applying CVar settings from Section [/Script/Engine.GarbageCollectionSettings] File [C:/Users/jb/studium/5semester/gameEngines/mazeRunner/maze_runner/Saved/Config/Windows/Engine.ini]
[2019.02.04-14.58.53:314][  0]LogConfig: Setting CVar [[gc.MaxObjectsNotConsideredByGC:1]]
[2019.02.04-14.58.53:314][  0]LogConfig: Setting CVar [[gc.SizeOfPermanentObjectPool:0]]
[2019.02.04-14.58.53:314][  0]LogConfig: Setting CVar [[gc.FlushStreamingOnGC:0]]
[2019.02.04-14.58.53:314][  0]LogConfig: Setting CVar [[gc.NumRetriesBeforeForcingGC:10]]
[2019.02.04-14.58.53:314][  0]LogConfig: Setting CVar [[gc.AllowParallelGC:1]]
[2019.02.04-14.58.53:314][  0]LogConfig: Setting CVar [[gc.TimeBetweenPurgingPendingKillObjects:61.1]]
[2019.02.04-14.58.53:314][  0]LogConfig: Setting CVar [[gc.MaxObjectsInEditor:8388607]]
[2019.02.04-14.58.53:314][  0]LogConfig: Setting CVar [[gc.IncrementalBeginDestroyEnabled:1]]
[2019.02.04-14.58.53:314][  0]LogConfig: Setting CVar [[gc.CreateGCClusters:1]]
[2019.02.04-14.58.53:314][  0]LogConfig: Setting CVar [[gc.MergeGCClusters:0]]
[2019.02.04-14.58.53:314][  0]LogConfig: Setting CVar [[gc.MinGCClusterSize:5]]
[2019.02.04-14.58.53:314][  0]LogConfig: Setting CVar [[gc.ActorClusteringEnabled:0]]
[2019.02.04-14.58.53:314][  0]LogConfig: Setting CVar [[gc.BlueprintClusteringEnabled:0]]
[2019.02.04-14.58.53:314][  0]LogConfig: Setting CVar [[gc.UseDisregardForGCOnDedicatedServers:0]]
[2019.02.04-14.58.53:314][  0]LogConfig: Applying CVar settings from Section [/Script/Engine.NetworkSettings] File [C:/Users/jb/studium/5semester/gameEngines/mazeRunner/maze_runner/Saved/Config/Windows/Engine.ini]
[2019.02.04-14.58.53:314][  0]LogConfig: Applying CVar settings from Section [/Script/UnrealEd.CookerSettings] File [C:/Users/jb/studium/5semester/gameEngines/mazeRunner/maze_runner/Saved/Config/Windows/Engine.ini]
[2019.02.04-14.58.53:320][  0]LogConfig: Applying CVar settings from Section [ViewDistanceQuality@3] File [C:/Users/jb/studium/5semester/gameEngines/mazeRunner/maze_runner/Saved/Config/Windows/Scalability.ini]
[2019.02.04-14.58.53:320][  0]LogConfig: Setting CVar [[r.SkeletalMeshLODBias:0]]
[2019.02.04-14.58.53:320][  0]LogConfig: Setting CVar [[r.ViewDistanceScale:1.0]]
[2019.02.04-14.58.53:320][  0]LogConfig: Applying CVar settings from Section [AntiAliasingQuality@3] File [C:/Users/jb/studium/5semester/gameEngines/mazeRunner/maze_runner/Saved/Config/Windows/Scalability.ini]
[2019.02.04-14.58.53:320][  0]LogConfig: Setting CVar [[r.PostProcessAAQuality:4]]
[2019.02.04-14.58.53:320][  0]LogConfig: Applying CVar settings from Section [ShadowQuality@3] File [C:/Users/jb/studium/5semester/gameEngines/mazeRunner/maze_runner/Saved/Config/Windows/Scalability.ini]
[2019.02.04-14.58.53:320][  0]LogConfig: Setting CVar [[r.LightFunctionQuality:1]]
[2019.02.04-14.58.53:320][  0]LogConfig: Setting CVar [[r.ShadowQuality:5]]
[2019.02.04-14.58.53:320][  0]LogConfig: Setting CVar [[r.Shadow.CSM.MaxCascades:10]]
[2019.02.04-14.58.53:320][  0]LogConfig: Setting CVar [[r.Shadow.MaxResolution:2048]]
[2019.02.04-14.58.53:320][  0]LogConfig: Setting CVar [[r.Shadow.MaxCSMResolution:2048]]
[2019.02.04-14.58.53:320][  0]LogConfig: Setting CVar [[r.Shadow.RadiusThreshold:0.01]]
[2019.02.04-14.58.53:320][  0]LogConfig: Setting CVar [[r.Shadow.DistanceScale:1.0]]
[2019.02.04-14.58.53:320][  0]LogConfig: Setting CVar [[r.Shadow.CSM.TransitionScale:1.0]]
[2019.02.04-14.58.53:320][  0]LogConfig: Setting CVar [[r.Shadow.PreShadowResolutionFactor:1.0]]
[2019.02.04-14.58.53:321][  0]LogConfig: Setting CVar [[r.DistanceFieldShadowing:1]]
[2019.02.04-14.58.53:321][  0]LogConfig: Setting CVar [[r.DistanceFieldAO:1]]
[2019.02.04-14.58.53:321][  0]LogConfig: Setting CVar [[r.AOQuality:2]]
[2019.02.04-14.58.53:321][  0]LogConfig: Setting CVar [[r.VolumetricFog:1]]
[2019.02.04-14.58.53:321][  0]LogConfig: Setting CVar [[r.VolumetricFog.GridPixelSize:8]]
[2019.02.04-14.58.53:321][  0]LogConfig: Setting CVar [[r.VolumetricFog.GridSizeZ:128]]
[2019.02.04-14.58.53:321][  0]LogConfig: Setting CVar [[r.VolumetricFog.HistoryMissSupersampleCount:4]]
[2019.02.04-14.58.53:321][  0]LogConfig: Setting CVar [[r.LightMaxDrawDistanceScale:1]]
[2019.02.04-14.58.53:321][  0]LogConfig: Setting CVar [[r.CapsuleShadows:1]]
[2019.02.04-14.58.53:321][  0]LogConfig: Applying CVar settings from Section [PostProcessQuality@3] File [C:/Users/jb/studium/5semester/gameEngines/mazeRunner/maze_runner/Saved/Config/Windows/Scalability.ini]
[2019.02.04-14.58.53:321][  0]LogConfig: Setting CVar [[r.MotionBlurQuality:4]]
[2019.02.04-14.58.53:321][  0]LogConfig: Setting CVar [[r.AmbientOcclusionMipLevelFactor:0.4]]
[2019.02.04-14.58.53:321][  0]LogConfig: Setting CVar [[r.AmbientOcclusionMaxQuality:100]]
[2019.02.04-14.58.53:321][  0]LogConfig: Setting CVar [[r.AmbientOcclusionLevels:-1]]
[2019.02.04-14.58.53:321][  0]LogConfig: Setting CVar [[r.AmbientOcclusionRadiusScale:1.0]]
[2019.02.04-14.58.53:321][  0]LogConfig: Setting CVar [[r.DepthOfFieldQuality:2]]
[2019.02.04-14.58.53:321][  0]LogConfig: Setting CVar [[r.RenderTargetPoolMin:400]]
[2019.02.04-14.58.53:321][  0]LogConfig: Setting CVar [[r.LensFlareQuality:2]]
[2019.02.04-14.58.53:321][  0]LogConfig: Setting CVar [[r.SceneColorFringeQuality:1]]
[2019.02.04-14.58.53:321][  0]LogConfig: Setting CVar [[r.EyeAdaptationQuality:2]]
[2019.02.04-14.58.53:321][  0]LogConfig: Setting CVar [[r.BloomQuality:5]]
[2019.02.04-14.58.53:321][  0]LogConfig: Setting CVar [[r.FastBlurThreshold:100]]
[2019.02.04-14.58.53:321][  0]LogConfig: Setting CVar [[r.Upscale.Quality:3]]
[2019.02.04-14.58.53:321][  0]LogConfig: Setting CVar [[r.Tonemapper.GrainQuantization:1]]
[2019.02.04-14.58.53:321][  0]LogConfig: Setting CVar [[r.LightShaftQuality:1]]
[2019.02.04-14.58.53:321][  0]LogConfig: Setting CVar [[r.Filter.SizeScale:1]]
[2019.02.04-14.58.53:321][  0]LogConfig: Setting CVar [[r.Tonemapper.Quality:5]]
[2019.02.04-14.58.53:321][  0]LogConfig: Setting CVar [[r.DOF.Gather.AccumulatorQuality:1        ; higher gathering accumulator quality]]
[2019.02.04-14.58.53:321][  0]LogConfig: Setting CVar [[r.DOF.Gather.PostfilterMethod:1          ; Median3x3 postfilering method]]
[2019.02.04-14.58.53:321][  0]LogConfig: Setting CVar [[r.DOF.Gather.EnableBokehSettings:0       ; no bokeh simulation when gathering]]
[2019.02.04-14.58.53:322][  0]LogConfig: Setting CVar [[r.DOF.Gather.RingCount:4                 ; medium number of samples when gathering]]
[2019.02.04-14.58.53:322][  0]LogConfig: Setting CVar [[r.DOF.Scatter.ForegroundCompositing:1    ; additive foreground scattering]]
[2019.02.04-14.58.53:322][  0]LogConfig: Setting CVar [[r.DOF.Scatter.BackgroundCompositing:2    ; additive background scattering]]
[2019.02.04-14.58.53:322][  0]LogConfig: Setting CVar [[r.DOF.Scatter.EnableBokehSettings:1      ; bokeh simulation when scattering]]
[2019.02.04-14.58.53:322][  0]LogConfig: Setting CVar [[r.DOF.Scatter.MaxSpriteRatio:0.1         ; only a maximum of 10% of scattered bokeh]]
[2019.02.04-14.58.53:322][  0]LogConfig: Setting CVar [[r.DOF.Recombine.Quality:1                ; cheap slight out of focus]]
[2019.02.04-14.58.53:322][  0]LogConfig: Setting CVar [[r.DOF.Recombine.EnableBokehSettings:0    ; no bokeh simulation on slight out of focus]]
[2019.02.04-14.58.53:322][  0]LogConfig: Setting CVar [[r.DOF.TemporalAAQuality:1                ; more stable temporal accumulation]]
[2019.02.04-14.58.53:322][  0]LogConfig: Setting CVar [[r.DOF.Kernel.MaxForegroundRadius:0.025]]
[2019.02.04-14.58.53:322][  0]LogConfig: Setting CVar [[r.DOF.Kernel.MaxBackgroundRadius:0.025]]
[2019.02.04-14.58.53:322][  0]LogConfig: Applying CVar settings from Section [TextureQuality@3] File [C:/Users/jb/studium/5semester/gameEngines/mazeRunner/maze_runner/Saved/Config/Windows/Scalability.ini]
[2019.02.04-14.58.53:322][  0]LogConfig: Setting CVar [[r.Streaming.MipBias:0]]
[2019.02.04-14.58.53:322][  0]LogConfig: Setting CVar [[r.Streaming.AmortizeCPUToGPUCopy:0]]
[2019.02.04-14.58.53:322][  0]LogConfig: Setting CVar [[r.Streaming.MaxNumTexturesToStreamPerFrame:0]]
[2019.02.04-14.58.53:322][  0]LogConfig: Setting CVar [[r.Streaming.Boost:1]]
[2019.02.04-14.58.53:322][  0]LogConfig: Setting CVar [[r.MaxAnisotropy:8]]
[2019.02.04-14.58.53:322][  0]LogConfig: Setting CVar [[r.Streaming.LimitPoolSizeToVRAM:0]]
[2019.02.04-14.58.53:322][  0]LogConfig: Setting CVar [[r.Streaming.PoolSize:1000]]
[2019.02.04-14.58.53:322][  0]LogConfig: Setting CVar [[r.Streaming.MaxEffectiveScreenSize:0]]
[2019.02.04-14.58.53:322][  0]LogConfig: Applying CVar settings from Section [EffectsQuality@3] File [C:/Users/jb/studium/5semester/gameEngines/mazeRunner/maze_runner/Saved/Config/Windows/Scalability.ini]
[2019.02.04-14.58.53:322][  0]LogConfig: Setting CVar [[r.TranslucencyLightingVolumeDim:64]]
[2019.02.04-14.58.53:322][  0]LogConfig: Setting CVar [[r.RefractionQuality:2]]
[2019.02.04-14.58.53:322][  0]LogConfig: Setting CVar [[r.SSR.Quality:3]]
[2019.02.04-14.58.53:322][  0]LogConfig: Setting CVar [[r.SceneColorFormat:4]]
[2019.02.04-14.58.53:322][  0]LogConfig: Setting CVar [[r.DetailMode:2]]
[2019.02.04-14.58.53:322][  0]LogConfig: Setting CVar [[r.TranslucencyVolumeBlur:1]]
[2019.02.04-14.58.53:322][  0]LogConfig: Setting CVar [[r.MaterialQualityLevel:1 ; High quality]]
[2019.02.04-14.58.53:322][  0]LogConfig: Setting CVar [[r.SSS.Scale:1]]
[2019.02.04-14.58.53:322][  0]LogConfig: Setting CVar [[r.SSS.SampleSet:2]]
[2019.02.04-14.58.53:322][  0]LogConfig: Setting CVar [[r.SSS.Quality:1]]
[2019.02.04-14.58.53:322][  0]LogConfig: Setting CVar [[r.SSS.HalfRes:1]]
[2019.02.04-14.58.53:323][  0]LogConfig: Setting CVar [[r.EmitterSpawnRateScale:1.0]]
[2019.02.04-14.58.53:324][  0]LogConfig: Setting CVar [[r.ParticleLightQuality:2]]
[2019.02.04-14.58.53:324][  0]LogConfig: Applying CVar settings from Section [FoliageQuality@3] File [C:/Users/jb/studium/5semester/gameEngines/mazeRunner/maze_runner/Saved/Config/Windows/Scalability.ini]
[2019.02.04-14.58.53:324][  0]LogConfig: Setting CVar [[foliage.DensityScale:1.0]]
[2019.02.04-14.58.53:324][  0]LogConfig: Setting CVar [[grass.DensityScale:1.0]]
[2019.02.04-14.58.53:324][  0]LogInit: Selected Device Profile: [Windows]
[2019.02.04-14.58.53:324][  0]LogInit: Applying CVar settings loaded from the selected device profile: [Windows]
[2019.02.04-14.58.53:362][  0]LogHAL: Display: Platform has ~ 16 GB [17018114048 / 17179869184 / 16], which maps to Larger [LargestMinGB=32, LargerMinGB=12, DefaultMinGB=8, SmallerMinGB=6, SmallestMinGB=0)
[2019.02.04-14.58.53:362][  0]LogConfig: Setting CVar [[r.Vulkan.UseRealUBs:1]]
[2019.02.04-14.58.53:362][  0]LogInit: Going up to parent DeviceProfile []
[2019.02.04-14.58.53:363][  0]LogConfig: Applying CVar settings from Section [ViewDistanceQuality@3] File [C:/Users/jb/studium/5semester/gameEngines/mazeRunner/maze_runner/Saved/Config/Windows/Scalability.ini]
[2019.02.04-14.58.53:363][  0]LogConfig: Setting CVar [[r.SkeletalMeshLODBias:0]]
[2019.02.04-14.58.53:363][  0]LogConfig: Setting CVar [[r.ViewDistanceScale:1.0]]
[2019.02.04-14.58.53:363][  0]LogConfig: Applying CVar settings from Section [AntiAliasingQuality@3] File [C:/Users/jb/studium/5semester/gameEngines/mazeRunner/maze_runner/Saved/Config/Windows/Scalability.ini]
[2019.02.04-14.58.53:363][  0]LogConfig: Setting CVar [[r.PostProcessAAQuality:4]]
[2019.02.04-14.58.53:363][  0]LogConfig: Applying CVar settings from Section [ShadowQuality@3] File [C:/Users/jb/studium/5semester/gameEngines/mazeRunner/maze_runner/Saved/Config/Windows/Scalability.ini]
[2019.02.04-14.58.53:363][  0]LogConfig: Setting CVar [[r.LightFunctionQuality:1]]
[2019.02.04-14.58.53:363][  0]LogConfig: Setting CVar [[r.ShadowQuality:5]]
[2019.02.04-14.58.53:363][  0]LogConfig: Setting CVar [[r.Shadow.CSM.MaxCascades:10]]
[2019.02.04-14.58.53:363][  0]LogConfig: Setting CVar [[r.Shadow.MaxResolution:2048]]
[2019.02.04-14.58.53:363][  0]LogConfig: Setting CVar [[r.Shadow.MaxCSMResolution:2048]]
[2019.02.04-14.58.53:363][  0]LogConfig: Setting CVar [[r.Shadow.RadiusThreshold:0.01]]
[2019.02.04-14.58.53:363][  0]LogConfig: Setting CVar [[r.Shadow.DistanceScale:1.0]]
[2019.02.04-14.58.53:363][  0]LogConfig: Setting CVar [[r.Shadow.CSM.TransitionScale:1.0]]
[2019.02.04-14.58.53:363][  0]LogConfig: Setting CVar [[r.Shadow.PreShadowResolutionFactor:1.0]]
[2019.02.04-14.58.53:363][  0]LogConfig: Setting CVar [[r.DistanceFieldShadowing:1]]
[2019.02.04-14.58.53:363][  0]LogConfig: Setting CVar [[r.DistanceFieldAO:1]]
[2019.02.04-14.58.53:363][  0]LogConfig: Setting CVar [[r.AOQuality:2]]
[2019.02.04-14.58.53:363][  0]LogConfig: Setting CVar [[r.VolumetricFog:1]]
[2019.02.04-14.58.53:363][  0]LogConfig: Setting CVar [[r.VolumetricFog.GridPixelSize:8]]
[2019.02.04-14.58.53:364][  0]LogConfig: Setting CVar [[r.VolumetricFog.GridSizeZ:128]]
[2019.02.04-14.58.53:364][  0]LogConfig: Setting CVar [[r.VolumetricFog.HistoryMissSupersampleCount:4]]
[2019.02.04-14.58.53:364][  0]LogConfig: Setting CVar [[r.LightMaxDrawDistanceScale:1]]
[2019.02.04-14.58.53:364][  0]LogConfig: Setting CVar [[r.CapsuleShadows:1]]
[2019.02.04-14.58.53:364][  0]LogConfig: Applying CVar settings from Section [PostProcessQuality@3] File [C:/Users/jb/studium/5semester/gameEngines/mazeRunner/maze_runner/Saved/Config/Windows/Scalability.ini]
[2019.02.04-14.58.53:364][  0]LogConfig: Setting CVar [[r.MotionBlurQuality:4]]
[2019.02.04-14.58.53:364][  0]LogConfig: Setting CVar [[r.AmbientOcclusionMipLevelFactor:0.4]]
[2019.02.04-14.58.53:364][  0]LogConfig: Setting CVar [[r.AmbientOcclusionMaxQuality:100]]
[2019.02.04-14.58.53:364][  0]LogConfig: Setting CVar [[r.AmbientOcclusionLevels:-1]]
[2019.02.04-14.58.53:364][  0]LogConfig: Setting CVar [[r.AmbientOcclusionRadiusScale:1.0]]
[2019.02.04-14.58.53:364][  0]LogConfig: Setting CVar [[r.DepthOfFieldQuality:2]]
[2019.02.04-14.58.53:364][  0]LogConfig: Setting CVar [[r.RenderTargetPoolMin:400]]
[2019.02.04-14.58.53:364][  0]LogConfig: Setting CVar [[r.LensFlareQuality:2]]
[2019.02.04-14.58.53:364][  0]LogConfig: Setting CVar [[r.SceneColorFringeQuality:1]]
[2019.02.04-14.58.53:364][  0]LogConfig: Setting CVar [[r.EyeAdaptationQuality:2]]
[2019.02.04-14.58.53:364][  0]LogConfig: Setting CVar [[r.BloomQuality:5]]
[2019.02.04-14.58.53:364][  0]LogConfig: Setting CVar [[r.FastBlurThreshold:100]]
[2019.02.04-14.58.53:364][  0]LogConfig: Setting CVar [[r.Upscale.Quality:3]]
[2019.02.04-14.58.53:364][  0]LogConfig: Setting CVar [[r.Tonemapper.GrainQuantization:1]]
[2019.02.04-14.58.53:364][  0]LogConfig: Setting CVar [[r.LightShaftQuality:1]]
[2019.02.04-14.58.53:364][  0]LogConfig: Setting CVar [[r.Filter.SizeScale:1]]
[2019.02.04-14.58.53:364][  0]LogConfig: Setting CVar [[r.Tonemapper.Quality:5]]
[2019.02.04-14.58.53:365][  0]LogConfig: Setting CVar [[r.DOF.Gather.AccumulatorQuality:1        ; higher gathering accumulator quality]]
[2019.02.04-14.58.53:365][  0]LogConfig: Setting CVar [[r.DOF.Gather.PostfilterMethod:1          ; Median3x3 postfilering method]]
[2019.02.04-14.58.53:365][  0]LogConfig: Setting CVar [[r.DOF.Gather.EnableBokehSettings:0       ; no bokeh simulation when gathering]]
[2019.02.04-14.58.53:365][  0]LogConfig: Setting CVar [[r.DOF.Gather.RingCount:4                 ; medium number of samples when gathering]]
[2019.02.04-14.58.53:365][  0]LogConfig: Setting CVar [[r.DOF.Scatter.ForegroundCompositing:1    ; additive foreground scattering]]
[2019.02.04-14.58.53:365][  0]LogConfig: Setting CVar [[r.DOF.Scatter.BackgroundCompositing:2    ; additive background scattering]]
[2019.02.04-14.58.53:365][  0]LogConfig: Setting CVar [[r.DOF.Scatter.EnableBokehSettings:1      ; bokeh simulation when scattering]]
[2019.02.04-14.58.53:365][  0]LogConfig: Setting CVar [[r.DOF.Scatter.MaxSpriteRatio:0.1         ; only a maximum of 10% of scattered bokeh]]
[2019.02.04-14.58.53:365][  0]LogConfig: Setting CVar [[r.DOF.Recombine.Quality:1                ; cheap slight out of focus]]
[2019.02.04-14.58.53:365][  0]LogConfig: Setting CVar [[r.DOF.Recombine.EnableBokehSettings:0    ; no bokeh simulation on slight out of focus]]
[2019.02.04-14.58.53:365][  0]LogConfig: Setting CVar [[r.DOF.TemporalAAQuality:1                ; more stable temporal accumulation]]
[2019.02.04-14.58.53:365][  0]LogConfig: Setting CVar [[r.DOF.Kernel.MaxForegroundRadius:0.025]]
[2019.02.04-14.58.53:365][  0]LogConfig: Setting CVar [[r.DOF.Kernel.MaxBackgroundRadius:0.025]]
[2019.02.04-14.58.53:365][  0]LogConfig: Applying CVar settings from Section [TextureQuality@3] File [C:/Users/jb/studium/5semester/gameEngines/mazeRunner/maze_runner/Saved/Config/Windows/Scalability.ini]
[2019.02.04-14.58.53:365][  0]LogConfig: Setting CVar [[r.Streaming.MipBias:0]]
[2019.02.04-14.58.53:365][  0]LogConfig: Setting CVar [[r.Streaming.AmortizeCPUToGPUCopy:0]]
[2019.02.04-14.58.53:365][  0]LogConfig: Setting CVar [[r.Streaming.MaxNumTexturesToStreamPerFrame:0]]
[2019.02.04-14.58.53:365][  0]LogConfig: Setting CVar [[r.Streaming.Boost:1]]
[2019.02.04-14.58.53:365][  0]LogConfig: Setting CVar [[r.MaxAnisotropy:8]]
[2019.02.04-14.58.53:365][  0]LogConfig: Setting CVar [[r.Streaming.LimitPoolSizeToVRAM:0]]
[2019.02.04-14.58.53:365][  0]LogConfig: Setting CVar [[r.Streaming.PoolSize:1000]]
[2019.02.04-14.58.53:365][  0]LogConfig: Setting CVar [[r.Streaming.MaxEffectiveScreenSize:0]]
[2019.02.04-14.58.53:365][  0]LogConfig: Applying CVar settings from Section [EffectsQuality@3] File [C:/Users/jb/studium/5semester/gameEngines/mazeRunner/maze_runner/Saved/Config/Windows/Scalability.ini]
[2019.02.04-14.58.53:366][  0]LogConfig: Setting CVar [[r.TranslucencyLightingVolumeDim:64]]
[2019.02.04-14.58.53:366][  0]LogConfig: Setting CVar [[r.RefractionQuality:2]]
[2019.02.04-14.58.53:366][  0]LogConfig: Setting CVar [[r.SSR.Quality:3]]
[2019.02.04-14.58.53:366][  0]LogConfig: Setting CVar [[r.SceneColorFormat:4]]
[2019.02.04-14.58.53:366][  0]LogConfig: Setting CVar [[r.DetailMode:2]]
[2019.02.04-14.58.53:366][  0]LogConfig: Setting CVar [[r.TranslucencyVolumeBlur:1]]
[2019.02.04-14.58.53:366][  0]LogConfig: Setting CVar [[r.MaterialQualityLevel:1 ; High quality]]
[2019.02.04-14.58.53:366][  0]LogConfig: Setting CVar [[r.SSS.Scale:1]]
[2019.02.04-14.58.53:366][  0]LogConfig: Setting CVar [[r.SSS.SampleSet:2]]
[2019.02.04-14.58.53:366][  0]LogConfig: Setting CVar [[r.SSS.Quality:1]]
[2019.02.04-14.58.53:366][  0]LogConfig: Setting CVar [[r.SSS.HalfRes:1]]
[2019.02.04-14.58.53:366][  0]LogConfig: Setting CVar [[r.EmitterSpawnRateScale:1.0]]
[2019.02.04-14.58.53:366][  0]LogConfig: Setting CVar [[r.ParticleLightQuality:2]]
[2019.02.04-14.58.53:366][  0]LogConfig: Applying CVar settings from Section [FoliageQuality@3] File [C:/Users/jb/studium/5semester/gameEngines/mazeRunner/maze_runner/Saved/Config/Windows/Scalability.ini]
[2019.02.04-14.58.53:366][  0]LogConfig: Setting CVar [[foliage.DensityScale:1.0]]
[2019.02.04-14.58.53:366][  0]LogConfig: Setting CVar [[grass.DensityScale:1.0]]
[2019.02.04-14.58.53:366][  0]LogConfig: Applying CVar settings from Section [Startup] File [../../../Engine/Config/ConsoleVariables.ini]
[2019.02.04-14.58.53:367][  0]LogConfig: Setting CVar [[net.UseAdaptiveNetUpdateFrequency:0]]
[2019.02.04-14.58.53:367][  0]LogConfig: Applying CVar settings from Section [ConsoleVariables] File [C:/Users/jb/studium/5semester/gameEngines/mazeRunner/maze_runner/Saved/Config/Windows/Engine.ini]
[2019.02.04-14.58.53:368][  0]LogInit: Computer: LAPTOP-4DDR39I4
[2019.02.04-14.58.53:368][  0]LogInit: User: jb
[2019.02.04-14.58.53:368][  0]LogInit: CPU Page size=4096, Cores=4
[2019.02.04-14.58.53:368][  0]LogInit: High frequency timer resolution =1.945311 MHz
[2019.02.04-14.58.53:369][  0]LogMemory: Memory total: Physical=15.8GB (16GB approx)
[2019.02.04-14.58.53:369][  0]LogMemory: Platform Memory Stats for Windows
[2019.02.04-14.58.53:369][  0]LogMemory: Process Physical Memory: 103.16 MB used, 103.16 MB peak
[2019.02.04-14.58.53:369][  0]LogMemory: Process Virtual Memory: 91.21 MB used, 91.21 MB peak
[2019.02.04-14.58.53:369][  0]LogMemory: Physical Memory: 6579.36 MB used,  9650.38 MB free, 16229.74 MB total
[2019.02.04-14.58.53:369][  0]LogMemory: Virtual Memory: 4638.17 MB used,  134213088.00 MB free, 134217728.00 MB total
[2019.02.04-14.58.53:416][  0]LogInit: Using OS detected language (en-US).
[2019.02.04-14.58.53:416][  0]LogInit: Using OS detected locale (en-US).
[2019.02.04-14.58.53:417][  0]LogTextLocalizationManager: No specific localization for 'en-US' exists, so the 'en' localization will be used.
[2019.02.04-14.58.53:764][  0]LogStreaming: Display: Took  0.348s to InitEngineTextLocalization.
[2019.02.04-14.58.53:764][  0]LogInit: Setting process to per monitor DPI aware
[2019.02.04-14.58.53:801][  0]LogSlate: New Slate User Created.  User Index 0, Is Virtual User: 0
[2019.02.04-14.58.53:801][  0]LogSlate: Slate User Registered.  User Index 0, Is Virtual User: 0
[2019.02.04-14.58.53:993][  0]LogHMD: Failed to initialize OpenVR with code 110
[2019.02.04-14.58.53:993][  0]LogD3D11RHI: D3D11 adapters:
[2019.02.04-14.58.54:664][  0]LogD3D11RHI:    0. 'NVIDIA GeForce MX150' (Feature Level 11_0)
[2019.02.04-14.58.54:664][  0]LogD3D11RHI:       1983/0/8114 MB DedicatedVideo/DedicatedSystem/SharedSystem, Outputs:1, VendorId:0x10de
[2019.02.04-14.58.54:680][  0]LogD3D11RHI:    1. 'Intel(R) UHD Graphics 620' (Feature Level 11_0)
[2019.02.04-14.58.54:680][  0]LogD3D11RHI:       128/0/8114 MB DedicatedVideo/DedicatedSystem/SharedSystem, Outputs:0, VendorId:0x8086
[2019.02.04-14.58.54:682][  0]LogD3D11RHI:    2. 'Microsoft Basic Render Driver' (Feature Level 11_0)
[2019.02.04-14.58.54:682][  0]LogD3D11RHI:       0/0/8114 MB DedicatedVideo/DedicatedSystem/SharedSystem, Outputs:0, VendorId:0x1414
[2019.02.04-14.58.54:682][  0]LogD3D11RHI: Chosen D3D11 Adapter: 0
[2019.02.04-14.58.54:701][  0]LogD3D11RHI: Creating new Direct3DDevice
[2019.02.04-14.58.54:701][  0]LogD3D11RHI:     GPU DeviceId: 0x1d12 (for the marketing name, search the web for "GPU Device Id")
[2019.02.04-14.58.54:701][  0]LogWindows: EnumDisplayDevices:
[2019.02.04-14.58.54:702][  0]LogWindows:    0. 'Intel(R) UHD Graphics 620' (P:1 D:1)
[2019.02.04-14.58.54:702][  0]LogWindows:    1. 'Intel(R) UHD Graphics 620' (P:0 D:0)
[2019.02.04-14.58.54:702][  0]LogWindows:    2. 'Intel(R) UHD Graphics 620' (P:0 D:0)
[2019.02.04-14.58.54:702][  0]LogWindows: DebugString: PrimaryIsNotTheChoosenAdapter PrimaryIsNotTheChoosenAdapter PrimaryIsNotTheChoosenAdapter FoundDriverCount:0 
[2019.02.04-14.58.54:702][  0]LogD3D11RHI:     Adapter Name: NVIDIA GeForce MX150
[2019.02.04-14.58.54:702][  0]LogD3D11RHI:   Driver Version: Unknown (internal:Unknown, unified:Unknown)
[2019.02.04-14.58.54:702][  0]LogD3D11RHI:      Driver Date: Unknown
[2019.02.04-14.58.54:702][  0]LogRHI: Texture pool is 1388 MB (70% of 1983 MB)
[2019.02.04-14.58.54:743][  0]LogD3D11RHI: Async texture creation enabled
[2019.02.04-14.58.54:761][  0]LogD3D11RHI: GPU Timing Frequency: 1000.000000 (Debug: 2 2)
[2019.02.04-14.58.55:096][  0]LogTemp: Display: Loaded TP AllDesktopTargetPlatform
[2019.02.04-14.58.55:107][  0]LogTemp: Display: Loaded TP MacClientTargetPlatform
[2019.02.04-14.58.55:119][  0]LogTemp: Display: Loaded TP MacNoEditorTargetPlatform
[2019.02.04-14.58.55:131][  0]LogTemp: Display: Loaded TP MacServerTargetPlatform
[2019.02.04-14.58.55:142][  0]LogTemp: Display: Loaded TP MacTargetPlatform
[2019.02.04-14.58.55:153][  0]LogTemp: Display: Loaded TP WindowsClientTargetPlatform
[2019.02.04-14.58.55:164][  0]LogTemp: Display: Loaded TP WindowsNoEditorTargetPlatform
[2019.02.04-14.58.55:175][  0]LogTemp: Display: Loaded TP WindowsServerTargetPlatform
[2019.02.04-14.58.55:181][  0]LogTemp: Display: Loaded TP WindowsTargetPlatform
[2019.02.04-14.58.55:241][  0]LogTemp: Display: Loaded TP AndroidTargetPlatform
[2019.02.04-14.58.55:241][  0]LogTemp: Display: Loaded TP AndroidTargetPlatform
[2019.02.04-14.58.55:241][  0]LogTemp: Display: Loaded TP AndroidTargetPlatform
[2019.02.04-14.58.55:241][  0]LogTemp: Display: Loaded TP AndroidTargetPlatform
[2019.02.04-14.58.55:241][  0]LogTemp: Display: Loaded TP AndroidTargetPlatform
[2019.02.04-14.58.55:241][  0]LogTemp: Display: Loaded TP AndroidTargetPlatform
[2019.02.04-14.58.55:241][  0]LogTemp: Display: Loaded TP AndroidTargetPlatform
[2019.02.04-14.58.55:241][  0]LogTemp: Display: Loaded TP AndroidTargetPlatform
[2019.02.04-14.58.55:241][  0]LogTemp: Display: Loaded TP AndroidTargetPlatform
[2019.02.04-14.58.55:241][  0]LogTemp: Display: Loaded TP AndroidTargetPlatform
[2019.02.04-14.58.55:241][  0]LogTemp: Display: Loaded TP AndroidTargetPlatform
[2019.02.04-14.58.55:241][  0]LogTemp: Display: Loaded TP AndroidTargetPlatform
[2019.02.04-14.58.55:241][  0]LogTemp: Display: Loaded TP AndroidTargetPlatform
[2019.02.04-14.58.55:241][  0]LogTemp: Display: Loaded TP AndroidTargetPlatform
[2019.02.04-14.58.55:241][  0]LogTemp: Display: Loaded TP AndroidTargetPlatform
[2019.02.04-14.58.55:241][  0]LogTemp: Display: Loaded TP AndroidTargetPlatform
[2019.02.04-14.58.55:241][  0]LogTemp: Display: Loaded TP AndroidTargetPlatform
[2019.02.04-14.58.55:241][  0]LogTemp: Display: Loaded TP AndroidTargetPlatform
[2019.02.04-14.58.55:243][  0]LogTemp: Display: Loaded TP HTML5TargetPlatform
[2019.02.04-14.58.55:315][  0]LogTemp: Display: Loaded TP IOSTargetPlatform
[2019.02.04-14.58.55:315][  0]LogTemp: Display: Loaded TP IOSTargetPlatform
[2019.02.04-14.58.55:356][  0]LogTemp: Display: Loaded TP TVOSTargetPlatform
[2019.02.04-14.58.55:356][  0]LogTemp: Display: Loaded TP TVOSTargetPlatform
[2019.02.04-14.58.55:368][  0]LogTemp: Display: Loaded TP LinuxClientTargetPlatform
[2019.02.04-14.58.55:378][  0]LogTemp: Display: Loaded TP LinuxNoEditorTargetPlatform
[2019.02.04-14.58.55:389][  0]LogTemp: Display: Loaded TP LinuxServerTargetPlatform
[2019.02.04-14.58.55:399][  0]LogTemp: Display: Loaded TP LinuxTargetPlatform
[2019.02.04-14.58.55:434][  0]LogTemp: Display: Loaded TP LuminTargetPlatform
[2019.02.04-14.58.55:434][  0]LogTemp: Display: Loaded TP LuminTargetPlatform
[2019.02.04-14.58.55:434][  0]LogTargetPlatformManager: Display: Building Assets For Windows
[2019.02.04-14.58.55:488][  0]LogShaderCompilers: Guid format shader working directory is -37 characters bigger than the processId version (../../../../../../Users/jb/studium/5semester/gameEngines/mazeRunner/maze_runner/Intermediate/Shaders/WorkingDirectory/10140/).
[2019.02.04-14.58.55:489][  0]LogShaderCompilers: Cleaned the shader compiler working directory 'C:/Users/jb/AppData/Local/Temp/UnrealShaderWorkingDir/0FD82E574A25A76F1D54539335D35977/'.
[2019.02.04-14.58.55:490][  0]LogXGEController: Cleaning working directory: C:/Users/jb/AppData/Local/Temp/UnrealXGEWorkingDir/
[2019.02.04-14.58.55:491][  0]LogXGEController: Cannot use XGE Controller as Incredibuild is not installed on this machine.
[2019.02.04-14.58.55:491][  0]LogShaderCompilers: Cannot use XGE Shader Compiler as Incredibuild is not installed on this machine.
[2019.02.04-14.58.55:491][  0]LogShaderCompilers: Display: Using Local Shader Compiler.
[2019.02.04-14.58.55:960][  0]LogDerivedDataCache: Display: Max Cache Size: 512 MB
[2019.02.04-14.58.56:011][  0]LogDerivedDataCache: Loaded boot cache 0.05s 71MB C:/Users/jb/AppData/Local/UnrealEngine/4.21/DerivedDataCache/Boot.ddc.
[2019.02.04-14.58.56:011][  0]LogDerivedDataCache: Display: Loaded Boot cache: C:/Users/jb/AppData/Local/UnrealEngine/4.21/DerivedDataCache/Boot.ddc
[2019.02.04-14.58.56:012][  0]LogDerivedDataCache: FDerivedDataBackendGraph:  Pak pak cache file ../../../../../../Users/jb/studium/5semester/gameEngines/mazeRunner/maze_runner/DerivedDataCache/DDC.ddp not found, will not use a pak cache.
[2019.02.04-14.58.56:012][  0]LogDerivedDataCache: Unable to find inner node Pak for hierarchical cache Hierarchy.
[2019.02.04-14.58.56:012][  0]LogDerivedDataCache: FDerivedDataBackendGraph:  CompressedPak pak cache file ../../../../../../Users/jb/studium/5semester/gameEngines/mazeRunner/maze_runner/DerivedDataCache/Compressed.ddp not found, will not use a pak cache.
[2019.02.04-14.58.56:012][  0]LogDerivedDataCache: Unable to find inner node CompressedPak for hierarchical cache Hierarchy.
[2019.02.04-14.58.56:024][  0]LogDerivedDataCache: Display: Pak cache opened for reading ../../../Engine/DerivedDataCache/Compressed.ddp.
[2019.02.04-14.58.56:024][  0]LogDerivedDataCache: FDerivedDataBackendGraph:  EnterprisePak pak cache file ../../../Enterprise/DerivedDataCache/Compressed.ddp not found, will not use a pak cache.
[2019.02.04-14.58.56:024][  0]LogDerivedDataCache: Unable to find inner node EnterprisePak for hierarchical cache Hierarchy.
[2019.02.04-14.58.56:037][  0]LogDerivedDataCache: Using Local data cache path C:/Users/jb/AppData/Local/UnrealEngine/Common/DerivedDataCache: Writable
[2019.02.04-14.58.56:037][  0]LogDerivedDataCache: Shared data cache path not found in *engine.ini, will not use an Shared cache.
[2019.02.04-14.58.56:037][  0]LogDerivedDataCache: Unable to find inner node Shared for hierarchical cache Hierarchy.
[2019.02.04-14.58.56:062][  0]LogMaterial: Verifying Global Shaders for PCD3D_SM5
[2019.02.04-14.58.56:063][  0]LogSlate: Using FreeType 2.6.0
[2019.02.04-14.58.56:064][  0]LogSlate: SlateFontServices - WITH_FREETYPE: 1, WITH_HARFBUZZ: 1
[2019.02.04-14.58.56:148][  0]LogAssetRegistry: FAssetRegistry took 0.0315 seconds to start up
[2019.02.04-14.58.56:434][  0]LogInit: Selected Device Profile: [Windows]
[2019.02.04-14.58.56:569][  0]LogSimplygon: Simplygon DLL not present - disabling.
[2019.02.04-14.58.56:573][  0]LogMeshReduction: Using SimplygonSwarm for distributed automatic mesh merging
[2019.02.04-14.58.56:573][  0]LogMeshReduction: Using ProxyLODMeshReduction for automatic mesh merging
[2019.02.04-14.58.56:573][  0]LogMeshReduction: Using QuadricMeshReduction for automatic static mesh reduction
[2019.02.04-14.58.56:573][  0]LogMeshReduction: No automatic skeletal mesh reduction module available
[2019.02.04-14.58.56:590][  0]LogNetVersion: unreal_project 1.0.0, NetCL: 4541578, EngineNetVer: 5, GameNetVer: 0 (Checksum: 2550434977)
[2019.02.04-14.58.57:144][  0]LogPackageLocalizationCache: Processed 11 localized package path(s) for 2 prioritized culture(s) in 0.148672 seconds
[2019.02.04-14.58.57:151][  0]LogUObjectArray: 39775 objects as part of root set at end of initial load.
[2019.02.04-14.58.57:151][  0]LogUObjectAllocator: 6914656 out of 0 bytes used by permanent object pool.
[2019.02.04-14.58.57:151][  0]LogUObjectArray: CloseDisregardForGC: 0/0 objects in disregard for GC pool
[2019.02.04-14.58.57:983][  0]LogTcpMessaging: Initializing TcpMessaging bridge
[2019.02.04-14.58.57:998][  0]LogUdpMessaging: Initializing bridge on interface 0.0.0.0:0 to multicast group 230.0.0.1:6666.
[2019.02.04-14.58.58:659][  0]SourceControl: Source control is disabled
[2019.02.04-14.58.58:659][  0]SourceControl: Source control is disabled
[2019.02.04-14.58.58:661][  0]SourceControl: Source control is disabled
[2019.02.04-14.58.58:662][  0]SourceControl: Source control is disabled
[2019.02.04-14.58.58:846][  0]LogAndroidPermission: UAndroidPermissionCallbackProxy::GetInstance
[2019.02.04-14.58.58:909][  0]LogOcInput: OculusInput pre-init called
[2019.02.04-14.58.59:101][  0]LogEngine: Initializing Engine...
[2019.02.04-14.58.59:102][  0]LogHMD: Failed to initialize OpenVR with code 110
[2019.02.04-14.58.59:103][  0]LogStats: UGameplayTagsManager::ConstructGameplayTagTree: ImportINI prefixes -  0.000 s
[2019.02.04-14.58.59:103][  0]LogStats: UGameplayTagsManager::ConstructGameplayTagTree: Construct from data asset -  0.000 s
[2019.02.04-14.58.59:103][  0]LogStats: UGameplayTagsManager::ConstructGameplayTagTree: ImportINI -  0.000 s
[2019.02.04-14.58.59:103][  0]LogStats: UGameplayTagsManager::ConstructGameplayTagTree: GameplayTagTreeChangedEvent.Broadcast -  0.000 s
[2019.02.04-14.58.59:315][  0]LogInit: Initializing FReadOnlyCVARCache
[2019.02.04-14.58.59:334][  0]LogAIModule: Creating AISystem for world Untitled
[2019.02.04-14.58.59:343][  0]LogInit: XAudio2 using 'Lautsprecher (Realtek(R) Audio)' : 2 channels at 48 kHz using 32 bits per sample (channel mask 0x3)
[2019.02.04-14.58.59:614][  0]LogInit: FAudioDevice initialized.
[2019.02.04-14.58.59:614][  0]LogNetVersion: Set ProjectVersion to 1.0.0.0. Version Checksum will be recalculated on next use.
[2019.02.04-14.58.59:740][  0]LogDerivedDataCache: Saved boot cache 0.13s 71MB C:/Users/jb/AppData/Local/UnrealEngine/4.21/DerivedDataCache/Boot.ddc.
[2019.02.04-14.58.59:743][  0]LogInit: Texture streaming: Enabled
[2019.02.04-14.58.59:781][  0]LogEngineSessionManager: EngineSessionManager initialized
[2019.02.04-14.58.59:798][  0]LogInit: Transaction tracking system initialized
[2019.02.04-14.58.59:828][  0]BlueprintLog: New page: Editor Load
[2019.02.04-14.58.59:919][  0]LocalizationService: Localization service is disabled
[2019.02.04-14.59.00:366][  0]LogFileCache: Scanning file cache for directory 'C:/Users/jb/studium/5semester/gameEngines/mazeRunner/maze_runner/Content/' took 0.02s
[2019.02.04-14.59.00:366][  0]LogCook: Display: Max memory allowance for cook 16384mb min free memory 0mb
[2019.02.04-14.59.00:366][  0]LogCook: Display: Mobile HDR setting 1
[2019.02.04-14.59.00:366][  0]LogGameplayTags: Display: UGameplayTagsManager::DoneAddingNativeTags. DelegateIsBound: 0
[2019.02.04-14.59.00:366][  0]LogStats: UGameplayTagsManager::ConstructGameplayTagTree: ImportINI prefixes -  0.000 s
[2019.02.04-14.59.00:366][  0]LogStats: UGameplayTagsManager::ConstructGameplayTagTree: Construct from data asset -  0.000 s
[2019.02.04-14.59.00:366][  0]LogStats: UGameplayTagsManager::ConstructGameplayTagTree: ImportINI -  0.000 s
[2019.02.04-14.59.00:366][  0]LogStats: UGameplayTagsManager::ConstructGameplayTagTree: GameplayTagTreeChangedEvent.Broadcast -  0.000 s
[2019.02.04-14.59.00:488][  0]SourceControl: Source control is disabled
[2019.02.04-14.59.00:488][  0]Cmd: MAP LOAD FILE="../../../../../../Users/jb/studium/5semester/gameEngines/mazeRunner/maze_runner/Content/Maps/level1.umap" TEMPLATE=0 SHOWPROGRESS=1 FEATURELEVEL=3
[2019.02.04-14.59.00:488][  0]LightingResults: New page: Lighting Build
[2019.02.04-14.59.00:491][  0]MapCheck: New page: Map Check
[2019.02.04-14.59.00:491][  0]LightingResults: New page: Lighting Build
[2019.02.04-14.59.01:012][  0]LogTexture: Display: Building textures: gameover_menu_image (BGRA8, 1920X1082)
[2019.02.04-14.59.01:085][  0]LogAIModule: Creating AISystem for world level1
[2019.02.04-14.59.01:101][  0]LogEditorServer: Finished looking for orphan Actors (0.000 secs)
[2019.02.04-14.59.01:121][  0]Cmd: MAP CHECKDEP NOCLEARLOG
[2019.02.04-14.59.01:121][  0]MapCheck: Map check complete: 0 Error(s), 0 Warning(s), took 0.173ms to complete.
[2019.02.04-14.59.01:121][  0]LogFileHelpers: Loading map 'level1' took 0.633
[2019.02.04-14.59.01:229][  0]LogSlate: Updating window title bar state: overlay mode, drag disabled, window buttons hidden, title bar hidden
[2019.02.04-14.59.01:235][  0]LogSlate: Updating window title bar state: overlay mode, drag disabled, window buttons hidden, title bar hidden
[2019.02.04-14.59.01:240][  0]LogSlate: Updating window title bar state: overlay mode, drag disabled, window buttons hidden, title bar hidden
[2019.02.04-14.59.01:246][  0]LogSlate: Updating window title bar state: overlay mode, drag disabled, window buttons hidden, title bar hidden
[2019.02.04-14.59.01:254][  0]LogCollectionManager: Loaded 0 collections in 0.002440 seconds
[2019.02.04-14.59.01:287][  0]LogFileCache: Scanning file cache for directory 'C:/Users/jb/studium/5semester/gameEngines/mazeRunner/maze_runner/Saved/Collections/' took 0.01s
[2019.02.04-14.59.01:287][  0]LogFileCache: Scanning file cache for directory 'C:/Users/jb/studium/5semester/gameEngines/mazeRunner/maze_runner/Content/Developers/jb/Collections/' took 0.01s
[2019.02.04-14.59.01:287][  0]LogFileCache: Scanning file cache for directory 'C:/Users/jb/studium/5semester/gameEngines/mazeRunner/maze_runner/Content/Collections/' took 0.00s
[2019.02.04-14.59.01:287][  0]LogCollectionManager: Rebuilt the GUID cache for 0 collections in 0.000000 seconds
[2019.02.04-14.59.01:295][  0]LogContentBrowser: Native class hierarchy populated in 0.0077 seconds. Added 2651 classes and 620 folders.
[2019.02.04-14.59.01:301][  0]LogContentBrowser: Native class hierarchy updated for 'WidgetCarousel' in 0.0003 seconds. Added 0 classes and 0 folders.
[2019.02.04-14.59.01:303][  0]LogPakFile: Registered encryption key '00000000000000000000000000000000': 0 pak files mounted, 0 remain pending
[2019.02.04-14.59.01:304][  0]LogPakFile: Registered encryption key '00000000000000000000000000000000': 0 pak files mounted, 0 remain pending
[2019.02.04-14.59.01:304][  0]LogPakFile: Registered encryption key '00000000000000000000000000000000': 0 pak files mounted, 0 remain pending
[2019.02.04-14.59.01:305][  0]LogPakFile: Registered encryption key '00000000000000000000000000000000': 0 pak files mounted, 0 remain pending
[2019.02.04-14.59.01:305][  0]LogPakFile: Registered encryption key '00000000000000000000000000000000': 0 pak files mounted, 0 remain pending
[2019.02.04-14.59.01:306][  0]LogPakFile: Registered encryption key '00000000000000000000000000000000': 0 pak files mounted, 0 remain pending
[2019.02.04-14.59.01:306][  0]LogPakFile: Registered encryption key '00000000000000000000000000000000': 0 pak files mounted, 0 remain pending
[2019.02.04-14.59.01:307][  0]LogPakFile: Registered encryption key '00000000000000000000000000000000': 0 pak files mounted, 0 remain pending
[2019.02.04-14.59.01:307][  0]LogPakFile: Registered encryption key '00000000000000000000000000000000': 0 pak files mounted, 0 remain pending
[2019.02.04-14.59.01:307][  0]LogPakFile: Registered encryption key '00000000000000000000000000000000': 0 pak files mounted, 0 remain pending
[2019.02.04-14.59.01:308][  0]LogPakFile: Registered encryption key '00000000000000000000000000000000': 0 pak files mounted, 0 remain pending
[2019.02.04-14.59.01:308][  0]LogPakFile: Registered encryption key '00000000000000000000000000000000': 0 pak files mounted, 0 remain pending
[2019.02.04-14.59.01:309][  0]LogPakFile: Registered encryption key '00000000000000000000000000000000': 0 pak files mounted, 0 remain pending
[2019.02.04-14.59.01:309][  0]LogPakFile: Registered encryption key '00000000000000000000000000000000': 0 pak files mounted, 0 remain pending
[2019.02.04-14.59.01:310][  0]LogPakFile: Registered encryption key '00000000000000000000000000000000': 0 pak files mounted, 0 remain pending
[2019.02.04-14.59.01:310][  0]LogPakFile: Registered encryption key '00000000000000000000000000000000': 0 pak files mounted, 0 remain pending
[2019.02.04-14.59.01:311][  0]LogPakFile: Registered encryption key '00000000000000000000000000000000': 0 pak files mounted, 0 remain pending
[2019.02.04-14.59.01:311][  0]LogPakFile: Registered encryption key '00000000000000000000000000000000': 0 pak files mounted, 0 remain pending
[2019.02.04-14.59.01:311][  0]LogPakFile: Registered encryption key '00000000000000000000000000000000': 0 pak files mounted, 0 remain pending
[2019.02.04-14.59.01:312][  0]LogPakFile: Registered encryption key '00000000000000000000000000000000': 0 pak files mounted, 0 remain pending
[2019.02.04-14.59.01:312][  0]LogPakFile: Registered encryption key '00000000000000000000000000000000': 0 pak files mounted, 0 remain pending
[2019.02.04-14.59.01:313][  0]LogPakFile: Registered encryption key '00000000000000000000000000000000': 0 pak files mounted, 0 remain pending
[2019.02.04-14.59.01:313][  0]LogPakFile: Registered encryption key '00000000000000000000000000000000': 0 pak files mounted, 0 remain pending
[2019.02.04-14.59.01:314][  0]LogPakFile: Registered encryption key '00000000000000000000000000000000': 0 pak files mounted, 0 remain pending
[2019.02.04-14.59.01:314][  0]LogPakFile: Registered encryption key '00000000000000000000000000000000': 0 pak files mounted, 0 remain pending
[2019.02.04-14.59.01:315][  0]LogPakFile: Registered encryption key '00000000000000000000000000000000': 0 pak files mounted, 0 remain pending
[2019.02.04-14.59.01:354][  0]LogContentBrowser: Native class hierarchy updated for 'AddContentDialog' in 0.0002 seconds. Added 0 classes and 0 folders.
[2019.02.04-14.59.01:358][  0]LogContentBrowser: Native class hierarchy updated for 'SceneOutliner' in 0.0002 seconds. Added 1 classes and 2 folders.
[2019.02.04-14.59.01:375][  0]LogSlate: Took 0.000428 seconds to synchronously load lazily loaded font '../../../Engine/Content/Slate/Fonts/Roboto-Regular.ttf' (155K)
[2019.02.04-14.59.01:381][  0]LogSlate: Took 0.000540 seconds to synchronously load lazily loaded font '../../../Engine/Content/Slate/Fonts/Roboto-Bold.ttf' (160K)
[2019.02.04-14.59.01:390][  0]LogSlate: Took 0.000270 seconds to synchronously load lazily loaded font '../../../Engine/Content/Editor/Slate/Fonts/FontAwesome.ttf' (139K)
[2019.02.04-14.59.01:471][  0]LogRenderer: Reallocating scene render targets to support 720x340 Format 10 NumSamples 1 (Frame:1).
[2019.02.04-14.59.01:613][  0]LogContentBrowser: Native class hierarchy updated for 'HierarchicalLODOutliner' in 0.0005 seconds. Added 0 classes and 0 folders.
[2019.02.04-14.59.01:613][  0]LogLoad: (Engine Initialization) Total time: 10.22 seconds
[2019.02.04-14.59.01:613][  0]LogLoad: (Engine Initialization) Total Blueprint compile time: 0.00 seconds
[2019.02.04-14.59.01:643][  0]LogWindowsTextInputMethodSystem: Display: IME system now deactivated.
[2019.02.04-14.59.01:689][  0]LogContentStreaming: Texture pool size now 1000 MB
[2019.02.04-14.59.01:712][  0]LogSlate: Took 0.000174 seconds to synchronously load lazily loaded font '../../../Engine/Content/Slate/Fonts/Roboto-Light.ttf' (167K)
[2019.02.04-14.59.01:962][  2]LogAssetRegistry: Asset discovery search completed in 5.8373 seconds
[2019.02.04-14.59.01:964][  2]LogCollectionManager: Rebuilt the object cache for 0 collections in 0.000001 seconds (found 0 objects)
[2019.02.04-14.59.01:964][  2]LogCollectionManager: Fixed up redirectors for 0 collections in 0.000039 seconds (updated 0 objects)
[2019.02.04-15.01.08:683][373]LogSlate: FSceneViewport::OnFocusLost() reason 0
[2019.02.04-15.02.10:570][879]LogTemp: Repeating last play command: Selected Viewport
[2019.02.04-15.02.10:604][879]LogBlueprintUserMessages: Early PlayInEditor Detection: Level '/Game/Maps/level1.level1:PersistentLevel' has LevelScriptBlueprint '/Game/Maps/level1.level1:PersistentLevel.level1' with GeneratedClass '/Game/Maps/level1.level1_C' with ClassGeneratedBy '/Game/Maps/level1.level1:PersistentLevel.level1'
[2019.02.04-15.02.10:604][879]LogPlayLevel: PlayLevel: No blueprints needed recompiling
[2019.02.04-15.02.10:605][879]PIE: New page: PIE session: level1 (Feb 4, 2019, 5:02:10 PM)
[2019.02.04-15.02.10:619][879]LogPlayLevel: Creating play world package: /Game/Maps/UEDPIE_0_level1
[2019.02.04-15.02.10:625][879]LogPlayLevel: PIE: StaticDuplicateObject took: (0.005727s)
[2019.02.04-15.02.10:626][879]LogAIModule: Creating AISystem for world level1
[2019.02.04-15.02.10:626][879]LogPlayLevel: PIE: World Init took: (0.000637s)
[2019.02.04-15.02.10:626][879]LogPlayLevel: PIE: Created PIE world by copying editor world from /Game/Maps/level1.level1 to /Game/Maps/UEDPIE_0_level1.level1 (0.006809s)
[2019.02.04-15.02.10:651][879]LogInit: XAudio2 using 'Lautsprecher (Realtek(R) Audio)' : 2 channels at 48 kHz using 32 bits per sample (channel mask 0x3)
[2019.02.04-15.02.10:667][879]LogInit: FAudioDevice initialized.
[2019.02.04-15.02.11:116][879]LogTexture: Display: Building textures: start_menu_image (AutoDXT, 1920X1024)
[2019.02.04-15.02.11:116][879]LogLoad: Game class is 'ThirdPersonGameMode_C'
[2019.02.04-15.02.11:120][879]LogWorld: Bringing World /Game/Maps/UEDPIE_0_level1.level1 up for play (max tick rate 0) at 2019.02.04-16.02.11
[2019.02.04-15.02.11:133][879]LogWorld: Bringing up level for play took: 0.014017
[2019.02.04-15.02.11:158][879]LogContentBrowser: Native class hierarchy updated for 'MovieSceneCapture' in 0.0004 seconds. Added 20 classes and 0 folders.
[2019.02.04-15.02.11:168][879]PIE: Play in editor start time for /Game/Maps/UEDPIE_0_level1 0.336
[2019.02.04-15.02.11:168][879]LogBlueprintUserMessages: Late PlayInEditor Detection: Level '/Game/Maps/level1.level1:PersistentLevel' has LevelScriptBlueprint '/Game/Maps/level1.level1:PersistentLevel.level1' with GeneratedClass '/Game/Maps/level1.level1_C' with ClassGeneratedBy '/Game/Maps/level1.level1:PersistentLevel.level1'
[2019.02.04-15.02.24:735][502]PIE: Warning: Projectile_C_0.Sphere ProjectileMesh has to have 'Simulate Physics' enabled if you'd like to AddImpulse. 
[2019.02.04-15.02.26:232][681]PIE: Warning: Projectile_C_1.Sphere ProjectileMesh has to have 'Simulate Physics' enabled if you'd like to AddImpulse. 
[2019.02.04-15.02.27:731][861]PIE: Warning: Projectile_C_2.Sphere ProjectileMesh has to have 'Simulate Physics' enabled if you'd like to AddImpulse. 
[2019.02.04-15.02.34:732][701]PIE: Warning: Projectile_C_3.Sphere ProjectileMesh has to have 'Simulate Physics' enabled if you'd like to AddImpulse. 
[2019.02.04-15.02.36:237][881]PIE: Warning: Projectile_C_4.Sphere ProjectileMesh has to have 'Simulate Physics' enabled if you'd like to AddImpulse. 
[2019.02.04-15.02.37:738][ 61]PIE: Warning: Projectile_C_5.Sphere ProjectileMesh has to have 'Simulate Physics' enabled if you'd like to AddImpulse. 
[2019.02.04-15.02.39:246][233]PIE: Warning: Projectile_C_6.Sphere ProjectileMesh has to have 'Simulate Physics' enabled if you'd like to AddImpulse. 
[2019.02.04-15.02.40:761][377]PIE: Warning: Projectile_C_7.Sphere ProjectileMesh has to have 'Simulate Physics' enabled if you'd like to AddImpulse. 
[2019.02.04-15.02.42:295][472]PIE: Warning: Projectile_C_8.Sphere ProjectileMesh has to have 'Simulate Physics' enabled if you'd like to AddImpulse. 
[2019.02.04-15.02.43:814][563]PIE: Warning: Projectile_C_9.Sphere ProjectileMesh has to have 'Simulate Physics' enabled if you'd like to AddImpulse. 
[2019.02.04-15.02.45:342][650]PIE: Warning: Projectile_C_10.Sphere ProjectileMesh has to have 'Simulate Physics' enabled if you'd like to AddImpulse. 
[2019.02.04-15.02.46:850][740]PIE: Warning: Projectile_C_11.Sphere ProjectileMesh has to have 'Simulate Physics' enabled if you'd like to AddImpulse. 
[2019.02.04-15.02.48:367][836]PIE: Warning: Projectile_C_12.Sphere ProjectileMesh has to have 'Simulate Physics' enabled if you'd like to AddImpulse. 
[2019.02.04-15.02.56:659][344]LogSlate: FSceneViewport::OnFocusLost() reason 0
[2019.02.04-15.02.56:808][353]LogNet: Browse: /Game/Maps/level1
[2019.02.04-15.02.56:823][353]LogLoad: LoadMap: /Game/Maps/level1
[2019.02.04-15.02.56:877][353]LogPlayLevel: Creating play world package: /Game/Maps/UEDPIE_0_level1
[2019.02.04-15.02.56:889][353]LogPlayLevel: PIE: StaticDuplicateObject took: (0.012539s)
[2019.02.04-15.02.56:890][353]LogAIModule: Creating AISystem for world level1
[2019.02.04-15.02.56:890][353]LogPlayLevel: PIE: World Init took: (0.001019s)
[2019.02.04-15.02.56:890][353]LogPlayLevel: PIE: Created PIE world by copying editor world from /Game/Maps/level1.level1 to /Game/Maps/UEDPIE_0_level1.level1 (0.013868s)
[2019.02.04-15.02.56:890][353]LogLoad: Game class is 'ThirdPersonGameMode_C'
[2019.02.04-15.02.56:896][353]LogWorld: Bringing World /Game/Maps/UEDPIE_0_level1.level1 up for play (max tick rate 0) at 2019.02.04-16.02.56
[2019.02.04-15.02.56:896][353]LogWorld: Bringing up level for play took: 0.004254
[2019.02.04-15.02.56:902][353]LogLoad: Took 0.079556 seconds to LoadMap(/Game/Maps/UEDPIE_0_level1)
[2019.02.04-15.03.03:896][791]LogBlueprintUserMessages: Early EndPlayMap Detection: Level '/Game/Maps/level1.level1:PersistentLevel' has LevelScriptBlueprint '/Game/Maps/level1.level1:PersistentLevel.level1' with GeneratedClass '/Game/Maps/level1.level1_C' with ClassGeneratedBy '/Game/Maps/level1.level1:PersistentLevel.level1'
[2019.02.04-15.03.03:897][791]LogSlate: Updating window title bar state: overlay mode, drag disabled, window buttons hidden, title bar hidden
[2019.02.04-15.03.03:943][791]LogPlayLevel: Display: Shutting down PIE online subsystems
[2019.02.04-15.03.03:944][791]LogBlueprintUserMessages: Late EndPlayMap Detection: Level '/Game/Maps/level1.level1:PersistentLevel' has LevelScriptBlueprint '/Game/Maps/level1.level1:PersistentLevel.level1' with GeneratedClass '/Game/Maps/level1.level1_C' with ClassGeneratedBy '/Game/Maps/level1.level1:PersistentLevel.level1'
[2019.02.04-15.03.03:997][791]LogSlate: Updating window title bar state: overlay mode, drag disabled, window buttons hidden, title bar hidden
[2019.02.04-15.03.04:027][791]LogSlate: FSceneViewport::OnFocusLost() reason 2
[2019.02.04-15.03.04:090][792]LogPlayLevel: Display: Destroying online subsystem :Context_4
[2019.02.04-15.03.11:915][233]LogSlate: Window 'Message Log' being destroyed
[2019.02.04-15.03.11:939][233]LogSlate: Window 'Message Log' being destroyed
[2019.02.04-15.03.18:944][585]LogRenderer: Reallocating scene render targets to support 720x360 Format 10 NumSamples 1 (Frame:12302).
[2019.02.04-15.05.15:180][252]LogSlate: Took 0.000319 seconds to synchronously load lazily loaded font '../../../Engine/Content/Slate/Fonts/Roboto-Light.ttf' (167K)
[2019.02.04-15.05.15:187][252]LogAssetEditorManager: Opening Asset editor for World /Game/Maps/level1.level1
[2019.02.04-15.05.15:207][252]Cmd: MAP LOAD FILE="../../../../../../Users/jb/studium/5semester/gameEngines/mazeRunner/maze_runner/Content/Maps/level1.umap" TEMPLATE=0 SHOWPROGRESS=1 FEATURELEVEL=3
[2019.02.04-15.05.15:207][252]LightingResults: New page: Lighting Build
[2019.02.04-15.05.15:207][252]LoadErrors: New page: Loading map: level1.umap
[2019.02.04-15.05.15:208][252]MapCheck: New page: Map Check
[2019.02.04-15.05.15:208][252]LightingResults: New page: Lighting Build
[2019.02.04-15.05.15:243][252]LogAIModule: Creating AISystem for world level1
[2019.02.04-15.05.15:252][252]LogEditorServer: Finished looking for orphan Actors (0.000 secs)
[2019.02.04-15.05.15:292][252]Cmd: MAP CHECKDEP NOCLEARLOG
[2019.02.04-15.05.15:292][252]MapCheck: Map check complete: 0 Error(s), 0 Warning(s), took 0.166ms to complete.
[2019.02.04-15.05.15:294][252]LogFileHelpers: Loading map 'level1' took 0.088
[2019.02.04-15.05.22:977][138]LogAssetEditorManager: Opening Asset editor for LevelScriptBlueprint /Game/Maps/level1.level1:PersistentLevel.level1
[2019.02.04-15.05.23:371][138]LogContentBrowser: Native class hierarchy updated for 'BlueprintGraph' in 0.0005 seconds. Added 117 classes and 0 folders.
[2019.02.04-15.05.23:947][138]LogSlate: Took 0.000195 seconds to synchronously load lazily loaded font '../../../Engine/Content/Slate/Fonts/Roboto-BoldCondensed.ttf' (158K)
[2019.02.04-15.06.38:997][963]LogSlate: Took 0.000803 seconds to synchronously load lazily loaded font '../../../Engine/Content/Slate/Fonts/Roboto-Italic.ttf' (157K)
[2019.02.04-15.09.26:957][517]LogSavePackage: Moving '../../../../../../Users/jb/studium/5semester/gameEngines/mazeRunner/maze_runner/Saved/level1BC0F43384AE28B5CBE0AEA815BA95E19.tmp' to '../../../../../../Users/jb/studium/5semester/gameEngines/mazeRunner/maze_runner/Content/Maps/level1.umap'
[2019.02.04-15.09.26:979][517]LogFileHelpers: Saving map 'level1' took 0.230
[2019.02.04-15.10.10:436][302]LogSavePackage: Moving '../../../../../../Users/jb/studium/5semester/gameEngines/mazeRunner/maze_runner/Saved/level1D639423441A626C1F284B3947047FDE5.tmp' to '../../../../../../Users/jb/studium/5semester/gameEngines/mazeRunner/maze_runner/Content/Maps/level1.umap'
[2019.02.04-15.10.12:824][423]LogTemp: Repeating last play command: Selected Viewport
[2019.02.04-15.10.12:893][423]LogBlueprintUserMessages: Early PlayInEditor Detection: Level '/Game/Maps/level1.level1:PersistentLevel' has LevelScriptBlueprint '/Game/Maps/level1.level1:PersistentLevel.level1' with GeneratedClass '/Game/Maps/level1.level1_C' with ClassGeneratedBy '/Game/Maps/level1.level1:PersistentLevel.level1'
[2019.02.04-15.10.12:893][423]LogPlayLevel: PlayLevel: No blueprints needed recompiling
[2019.02.04-15.10.12:894][423]PIE: New page: PIE session: level1 (Feb 4, 2019, 5:10:12 PM)
[2019.02.04-15.10.12:894][423]LogPlayLevel: Creating play world package: /Game/Maps/UEDPIE_0_level1
[2019.02.04-15.10.12:920][423]LogPlayLevel: PIE: StaticDuplicateObject took: (0.025065s)
[2019.02.04-15.10.12:922][423]LogAIModule: Creating AISystem for world level1
[2019.02.04-15.10.12:922][423]LogPlayLevel: PIE: World Init took: (0.002688s)
[2019.02.04-15.10.12:923][423]LogPlayLevel: PIE: Created PIE world by copying editor world from /Game/Maps/level1.level1 to /Game/Maps/UEDPIE_0_level1.level1 (0.028272s)
[2019.02.04-15.10.13:121][423]LogInit: XAudio2 using 'Lautsprecher (Realtek(R) Audio)' : 2 channels at 48 kHz using 32 bits per sample (channel mask 0x3)
[2019.02.04-15.10.13:200][423]LogInit: FAudioDevice initialized.
[2019.02.04-15.10.13:270][423]LogLoad: Game class is 'ThirdPersonGameMode_C'
[2019.02.04-15.10.13:279][423]LogWorld: Bringing World /Game/Maps/UEDPIE_0_level1.level1 up for play (max tick rate 0) at 2019.02.04-16.10.13
[2019.02.04-15.10.13:281][423]LogWorld: Bringing up level for play took: 0.007668
[2019.02.04-15.10.13:306][423]PIE: Play in editor start time for /Game/Maps/UEDPIE_0_level1 0.474
[2019.02.04-15.10.13:307][423]LogBlueprintUserMessages: Late PlayInEditor Detection: Level '/Game/Maps/level1.level1:PersistentLevel' has LevelScriptBlueprint '/Game/Maps/level1.level1:PersistentLevel.level1' with GeneratedClass '/Game/Maps/level1.level1_C' with ClassGeneratedBy '/Game/Maps/level1.level1:PersistentLevel.level1'
[2019.02.04-15.10.29:375][382]LogBlueprintUserMessages: Early EndPlayMap Detection: Level '/Game/Maps/level1.level1:PersistentLevel' has LevelScriptBlueprint '/Game/Maps/level1.level1:PersistentLevel.level1' with GeneratedClass '/Game/Maps/level1.level1_C' with ClassGeneratedBy '/Game/Maps/level1.level1:PersistentLevel.level1'
[2019.02.04-15.10.29:376][382]LogSlate: Updating window title bar state: overlay mode, drag disabled, window buttons hidden, title bar hidden
[2019.02.04-15.10.29:426][382]LogPlayLevel: Display: Shutting down PIE online subsystems
[2019.02.04-15.10.29:427][382]LogBlueprintUserMessages: Late EndPlayMap Detection: Level '/Game/Maps/level1.level1:PersistentLevel' has LevelScriptBlueprint '/Game/Maps/level1.level1:PersistentLevel.level1' with GeneratedClass '/Game/Maps/level1.level1_C' with ClassGeneratedBy '/Game/Maps/level1.level1:PersistentLevel.level1'
[2019.02.04-15.10.29:496][382]LogSlate: Updating window title bar state: overlay mode, drag disabled, window buttons hidden, title bar hidden
[2019.02.04-15.10.29:524][383]LogPlayLevel: Display: Destroying online subsystem :Context_10
[2019.02.04-15.10.53:253][643]LogSavePackage: Moving '../../../../../../Users/jb/studium/5semester/gameEngines/mazeRunner/maze_runner/Saved/level111C92D4442A2D1F74EC6938E7BE6F945.tmp' to '../../../../../../Users/jb/studium/5semester/gameEngines/mazeRunner/maze_runner/Content/Maps/level1.umap'
[2019.02.04-15.12.03:423][396]LogEditorViewport: Clicking on Actor (LMB): CameraActor (CameraActor)
[2019.02.04-15.12.04:295][427]LogSlate: FSceneViewport::OnFocusLost() reason 0
[2019.02.04-15.12.26:249][423]LogSlate: Window 'Select Path' being destroyed
[2019.02.04-15.12.26:477][423]Cmd: OBJ SAVEPACKAGE PACKAGE="/Game/topView/topView_Blueprint" FILE="../../../../../../Users/jb/studium/5semester/gameEngines/mazeRunner/maze_runner/Content/topView/topView_Blueprint.uasset" SILENT=true
[2019.02.04-15.12.26:505][423]LogSavePackage: Moving '../../../../../../Users/jb/studium/5semester/gameEngines/mazeRunner/maze_runner/Saved/topView_BlueprintE532184D4641A6FF956DB0995D9D529D.tmp' to '../../../../../../Users/jb/studium/5semester/gameEngines/mazeRunner/maze_runner/Content/topView/topView_Blueprint.uasset'
[2019.02.04-15.12.26:715][423]LogAssetEditorManager: Opening Asset editor for Blueprint /Game/topView/topView_Blueprint.topView_Blueprint
[2019.02.04-15.12.39:361][864]LogSlate: Took 0.000832 seconds to synchronously load lazily loaded font '../../../Engine/Content/Slate/Fonts/Roboto-BoldCondensedItalic.ttf' (160K)
[2019.02.04-15.12.47:573][162]BlueprintLog: New page: Compile topView_Blueprint
[2019.02.04-15.12.48:266][162]Cmd: OBJ SAVEPACKAGE PACKAGE="/Game/topView/topView_Blueprint" FILE="../../../../../../Users/jb/studium/5semester/gameEngines/mazeRunner/maze_runner/Content/topView/topView_Blueprint.uasset" SILENT=true
[2019.02.04-15.12.48:329][162]LogSavePackage: Moving '../../../../../../Users/jb/studium/5semester/gameEngines/mazeRunner/maze_runner/Saved/topView_BlueprintB353D6EC4D962D15F93FFBB1586CB46E.tmp' to '../../../../../../Users/jb/studium/5semester/gameEngines/mazeRunner/maze_runner/Content/topView/topView_Blueprint.uasset'
[2019.02.04-15.12.57:026][464]BlueprintLog: New page: Compile level1
[2019.02.04-15.12.58:280][464]LogSavePackage: Moving '../../../../../../Users/jb/studium/5semester/gameEngines/mazeRunner/maze_runner/Saved/level1D03E4FFD4BC635582F736087F4FA9497.tmp' to '../../../../../../Users/jb/studium/5semester/gameEngines/mazeRunner/maze_runner/Content/Maps/level1.umap'
[2019.02.04-15.12.58:340][464]LogFileHelpers: Saving map 'level1' took 0.653
[2019.02.04-15.16.55:654][ 17]LogEditorViewport: Clicking Background
[2019.02.04-15.16.56:685][ 77]LogSlate: FSceneViewport::OnFocusLost() reason 0
[2019.02.04-15.17.00:316][295]LogEditorViewport: Clicking on Actor (LMB): topView_Blueprint_C (topView_Blueprint)
[2019.02.04-15.17.04:291][422]LogSlate: FSceneViewport::OnFocusLost() reason 2
[2019.02.04-15.17.19:008][286]BlueprintLog: New page: Compile level1
[2019.02.04-15.17.19:356][286]LogSavePackage: Moving '../../../../../../Users/jb/studium/5semester/gameEngines/mazeRunner/maze_runner/Saved/level123713EB249D0DB3B1A5AE49AEFC3E16A.tmp' to '../../../../../../Users/jb/studium/5semester/gameEngines/mazeRunner/maze_runner/Content/Maps/level1.umap'
[2019.02.04-15.17.19:380][286]LogFileHelpers: Saving map 'level1' took 0.207
[2019.02.04-15.17.33:978][161]BlueprintLog: New page: Compile topView_Blueprint
[2019.02.04-15.17.34:313][161]Cmd: OBJ SAVEPACKAGE PACKAGE="/Game/topView/topView_Blueprint" FILE="../../../../../../Users/jb/studium/5semester/gameEngines/mazeRunner/maze_runner/Content/topView/topView_Blueprint.uasset" SILENT=true
[2019.02.04-15.17.34:341][161]LogSavePackage: Moving '../../../../../../Users/jb/studium/5semester/gameEngines/mazeRunner/maze_runner/Saved/topView_BlueprintB4126ECA4BBC563DE692DF8FD47E6FC1.tmp' to '../../../../../../Users/jb/studium/5semester/gameEngines/mazeRunner/maze_runner/Content/topView/topView_Blueprint.uasset'
[2019.02.04-15.17.36:902][309]BlueprintLog: New page: Compile level1
[2019.02.04-15.17.37:389][309]LogSavePackage: Moving '../../../../../../Users/jb/studium/5semester/gameEngines/mazeRunner/maze_runner/Saved/level104A8F4E943DA55C628CAC28224EF05B0.tmp' to '../../../../../../Users/jb/studium/5semester/gameEngines/mazeRunner/maze_runner/Content/Maps/level1.umap'
[2019.02.04-15.17.37:421][309]LogFileHelpers: Saving map 'level1' took 0.295
[2019.02.04-15.17.41:793][570]LogEditorViewport: Clicking on Actor (LMB): topView_Blueprint_C (topView_Blueprint)
[2019.02.04-15.17.44:443][728]LogSlate: FSceneViewport::OnFocusLost() reason 2
[2019.02.04-15.17.47:568][912]LogSlate: FSceneViewport::OnFocusLost() reason 0
[2019.02.04-15.17.48:371][919]LogSavePackage: Moving '../../../../../../Users/jb/studium/5semester/gameEngines/mazeRunner/maze_runner/Saved/level10EB9313D4262247696638699D2DD2257.tmp' to '../../../../../../Users/jb/studium/5semester/gameEngines/mazeRunner/maze_runner/Content/Maps/level1.umap'
[2019.02.04-15.17.49:838][995]LogSlate: FSceneViewport::OnFocusLost() reason 2
[2019.02.04-15.17.50:768][ 24]LogTemp: Repeating last play command: Selected Viewport
[2019.02.04-15.17.50:849][ 24]LogBlueprintUserMessages: Early PlayInEditor Detection: Level '/Game/Maps/level1.level1:PersistentLevel' has LevelScriptBlueprint '/Game/Maps/level1.level1:PersistentLevel.level1' with GeneratedClass '/Game/Maps/level1.level1_C' with ClassGeneratedBy '/Game/Maps/level1.level1:PersistentLevel.level1'
[2019.02.04-15.17.50:849][ 24]LogPlayLevel: PlayLevel: No blueprints needed recompiling
[2019.02.04-15.17.50:850][ 24]PIE: New page: PIE session: level1 (Feb 4, 2019, 5:17:50 PM)
[2019.02.04-15.17.50:850][ 24]LogPlayLevel: Creating play world package: /Game/Maps/UEDPIE_0_level1
[2019.02.04-15.17.50:874][ 24]LogPlayLevel: PIE: StaticDuplicateObject took: (0.024060s)
[2019.02.04-15.17.50:875][ 24]LogAIModule: Creating AISystem for world level1
[2019.02.04-15.17.50:876][ 24]LogPlayLevel: PIE: World Init took: (0.002325s)
[2019.02.04-15.17.50:876][ 24]LogPlayLevel: PIE: Created PIE world by copying editor world from /Game/Maps/level1.level1 to /Game/Maps/UEDPIE_0_level1.level1 (0.026875s)
[2019.02.04-15.17.51:063][ 24]LogInit: XAudio2 using 'Lautsprecher (Realtek(R) Audio)' : 2 channels at 48 kHz using 32 bits per sample (channel mask 0x3)
[2019.02.04-15.17.51:134][ 24]LogInit: FAudioDevice initialized.
[2019.02.04-15.17.51:134][ 24]LogSlate: FSceneViewport::OnFocusLost() reason 2
[2019.02.04-15.17.51:189][ 24]LogLoad: Game class is 'ThirdPersonGameMode_C'
[2019.02.04-15.17.51:199][ 24]LogWorld: Bringing World /Game/Maps/UEDPIE_0_level1.level1 up for play (max tick rate 60) at 2019.02.04-16.17.51
[2019.02.04-15.17.51:201][ 24]LogWorld: Bringing up level for play took: 0.008615
[2019.02.04-15.17.51:226][ 24]PIE: Play in editor start time for /Game/Maps/UEDPIE_0_level1 0.395
[2019.02.04-15.17.51:227][ 24]LogBlueprintUserMessages: Late PlayInEditor Detection: Level '/Game/Maps/level1.level1:PersistentLevel' has LevelScriptBlueprint '/Game/Maps/level1.level1:PersistentLevel.level1' with GeneratedClass '/Game/Maps/level1.level1_C' with ClassGeneratedBy '/Game/Maps/level1.level1:PersistentLevel.level1'
[2019.02.04-15.18.35:228][662]PIE: Warning: Projectile_C_0.Sphere ProjectileMesh has to have 'Simulate Physics' enabled if you'd like to AddImpulse. 
[2019.02.04-15.18.36:727][752]PIE: Warning: Projectile_C_1.Sphere ProjectileMesh has to have 'Simulate Physics' enabled if you'd like to AddImpulse. 
[2019.02.04-15.18.38:228][842]PIE: Warning: Projectile_C_2.Sphere ProjectileMesh has to have 'Simulate Physics' enabled if you'd like to AddImpulse. 
[2019.02.04-15.18.45:828][295]LogBlueprintUserMessages: Early EndPlayMap Detection: Level '/Game/Maps/level1.level1:PersistentLevel' has LevelScriptBlueprint '/Game/Maps/level1.level1:PersistentLevel.level1' with GeneratedClass '/Game/Maps/level1.level1_C' with ClassGeneratedBy '/Game/Maps/level1.level1:PersistentLevel.level1'
[2019.02.04-15.18.45:828][295]LogSlate: Updating window title bar state: overlay mode, drag disabled, window buttons hidden, title bar hidden
[2019.02.04-15.18.45:878][295]LogPlayLevel: Display: Shutting down PIE online subsystems
[2019.02.04-15.18.45:878][295]LogBlueprintUserMessages: Late EndPlayMap Detection: Level '/Game/Maps/level1.level1:PersistentLevel' has LevelScriptBlueprint '/Game/Maps/level1.level1:PersistentLevel.level1' with GeneratedClass '/Game/Maps/level1.level1_C' with ClassGeneratedBy '/Game/Maps/level1.level1:PersistentLevel.level1'
[2019.02.04-15.18.45:939][295]LogSlate: Updating window title bar state: overlay mode, drag disabled, window buttons hidden, title bar hidden
[2019.02.04-15.18.45:954][295]LogSlate: FSceneViewport::OnFocusLost() reason 2
[2019.02.04-15.18.46:005][296]LogPlayLevel: Display: Destroying online subsystem :Context_12
[2019.02.04-15.18.47:883][403]LogSlate: Window 'Message Log' being destroyed
[2019.02.04-15.18.47:894][403]LogSlate: Window 'Message Log' being destroyed
[2019.02.04-15.18.50:487][555]LogSlate: FSceneViewport::OnFocusLost() reason 0
[2019.02.04-15.18.51:809][632]LogEditorViewport: Clicking on Actor (LMB): maze_backtrack2_C (maze_backtrack2)
[2019.02.04-15.18.52:499][667]Cmd: CAMERA ALIGN ACTIVEVIEWPORTONLY
[2019.02.04-15.18.57:951][969]LogSlate: FSceneViewport::OnFocusLost() reason 0
[2019.02.04-15.18.59:099][ 33]Cmd: CAMERA ALIGN ACTIVEVIEWPORTONLY
[2019.02.04-15.19.02:144][215]LogEditorViewport: Clicking on Actor (LMB): maze_backtrack2_C (maze_backtrack2)
[2019.02.04-15.19.03:258][278]LogEditorViewport: Clicking on Actor (LMB): maze_backtrack2_C (maze_backtrack2)
[2019.02.04-15.19.04:128][328]Cmd: CAMERA ALIGN ACTIVEVIEWPORTONLY
