Log file open, 01/31/19 08:27:59
LogWindows: Failed to load 'aqProf.dll' (GetLastError=126)
LogWindows: File 'aqProf.dll' does not exist
LogWindows: Failed to load 'VtuneApi.dll' (GetLastError=126)
LogWindows: File 'VtuneApi.dll' does not exist
LogWindows: Failed to load 'VtuneApi32e.dll' (GetLastError=126)
LogWindows: File 'VtuneApi32e.dll' does not exist
LogConsoleResponse: Display: Failed to find resolution value strings in scalability ini. Falling back to default.
LogInit: Display: Running engine for game: unreal_project
LogPakFile: Registered encryption key '00000000000000000000000000000000': 0 pak files mounted, 0 remain pending
LogPlatformFile: Not using cached read wrapper
LogTaskGraph: Started task graph with 5 named threads and 23 total threads with 3 sets of task threads.
LogStats: Stats thread started at 0.277216
LogD3D11RHI: Loaded GFSDK_Aftermath_Lib.x64.dll
LogICUInternationalization: ICU TimeZone Detection - Raw Offset: +1:00, Platform Override: ''
LogPluginManager: Mounting plugin Paper2D
LogPluginManager: Mounting plugin AISupport
LogPluginManager: Mounting plugin LightPropagationVolume
LogPluginManager: Mounting plugin ActorLayerUtilities
LogPluginManager: Mounting plugin CLionSourceCodeAccess
LogPluginManager: Mounting plugin CodeLiteSourceCodeAccess
LogPluginManager: Mounting plugin GitSourceControl
LogPluginManager: Mounting plugin KDevelopSourceCodeAccess
LogPluginManager: Mounting plugin NullSourceCodeAccess
LogPluginManager: Mounting plugin PerforceSourceControl
LogPluginManager: Mounting plugin SubversionSourceControl
LogPluginManager: Mounting plugin UObjectPlugin
LogPluginManager: Mounting plugin VisualStudioCodeSourceCodeAccess
LogPluginManager: Mounting plugin VisualStudioSourceCodeAccess
LogPluginManager: Mounting plugin XCodeSourceCodeAccess
LogPluginManager: Mounting plugin AssetManagerEditor
LogPluginManager: Mounting plugin CryptoKeys
LogPluginManager: Mounting plugin DataValidation
LogPluginManager: Mounting plugin FacialAnimation
LogPluginManager: Mounting plugin GameplayTagsEditor
LogPluginManager: Mounting plugin MacGraphicsSwitching
LogPluginManager: Mounting plugin MeshEditor
LogPluginManager: Mounting plugin MobileLauncherProfileWizard
LogPluginManager: Mounting plugin PluginBrowser
LogPluginManager: Mounting plugin SpeedTreeImporter
LogPluginManager: Mounting plugin DatasmithContent
LogPluginManager: Mounting plugin VariantManagerContent
LogPluginManager: Mounting plugin AlembicImporter
LogPluginManager: Mounting plugin AppleImageUtils
LogPluginManager: Mounting plugin AppleVision
LogPluginManager: Mounting plugin BackChannel
LogPluginManager: Mounting plugin CharacterAI
LogPluginManager: Mounting plugin GeometryCache
LogPluginManager: Mounting plugin HTML5Networking
LogPluginManager: Mounting plugin ProxyLODPlugin
LogPluginManager: Mounting plugin MagicLeap
LogPluginManager: Mounting plugin MagicLeapMedia
LogPluginManager: Mounting plugin AndroidMedia
LogPluginManager: Mounting plugin AvfMedia
LogPluginManager: Mounting plugin ImgMedia
LogPluginManager: Mounting plugin LinearTimecode
LogPluginManager: Mounting plugin MediaCompositing
LogPluginManager: Mounting plugin MediaPlayerEditor
LogPluginManager: Mounting plugin WebMMedia
LogPluginManager: Mounting plugin WmfMedia
LogPluginManager: Mounting plugin TcpMessaging
LogPluginManager: Mounting plugin UdpMessaging
LogPluginManager: Mounting plugin ActorSequence
LogPluginManager: Mounting plugin LevelSequenceEditor
LogPluginManager: Mounting plugin MatineeToLevelSequence
LogPluginManager: Mounting plugin NetcodeUnitTest
LogPluginManager: Mounting plugin NUTUnrealEngine4
LogPluginManager: Mounting plugin OnlineSubsystemGooglePlay
LogPluginManager: Mounting plugin OnlineSubsystemIOS
LogPluginManager: Mounting plugin OnlineSubsystem
LogPluginManager: Mounting plugin OnlineSubsystemNull
LogPluginManager: Mounting plugin OnlineSubsystemUtils
LogPluginManager: Mounting plugin LauncherChunkInstaller
LogPluginManager: Mounting plugin AndroidDeviceProfileSelector
LogPluginManager: Mounting plugin AndroidMoviePlayer
LogPluginManager: Mounting plugin AndroidPermission
LogPluginManager: Mounting plugin AppleMoviePlayer
LogPluginManager: Mounting plugin ArchVisCharacter
LogPluginManager: Mounting plugin AudioCapture
LogPluginManager: Mounting plugin CableComponent
LogPluginManager: Mounting plugin CustomMeshComponent
LogPluginManager: Mounting plugin EditableMesh
LogPluginManager: Mounting plugin ExampleDeviceProfileSelector
LogPluginManager: Mounting plugin Firebase
LogPluginManager: Mounting plugin GoogleCloudMessaging
LogPluginManager: Mounting plugin IOSDeviceProfileSelector
LogPluginManager: Mounting plugin LinuxDeviceProfileSelector
LogPluginManager: Mounting plugin LocationServicesBPLibrary
LogPluginManager: Mounting plugin MobilePatchingUtils
LogPluginManager: Mounting plugin OculusVR
LogPluginManager: Mounting plugin PhysXVehicles
LogPluginManager: Mounting plugin ProceduralMeshComponent
LogPluginManager: Mounting plugin RuntimePhysXCooking
LogPluginManager: Mounting plugin SteamVR
LogPluginManager: Mounting plugin WebMMoviePlayer
LogPluginManager: Mounting plugin WindowsMoviePlayer
LogStreaming: Display: Took  0.069s to configure plugins.
LogInit: Using libcurl 7.55.1-DEV
LogInit:  - built for x86_64-pc-win32
LogInit:  - supports SSL with OpenSSL/1.0.2h
LogInit:  - supports HTTP deflate (compression) using libz 1.2.8
LogInit:  - other features:
LogInit:      CURL_VERSION_SSL
LogInit:      CURL_VERSION_LIBZ
LogInit:      CURL_VERSION_IPV6
LogInit:      CURL_VERSION_ASYNCHDNS
LogInit:      CURL_VERSION_LARGEFILE
LogInit:      CURL_VERSION_IDN
LogInit:  CurlRequestOptions (configurable via config and command line):
LogInit:  - bVerifyPeer = true  - Libcurl will verify peer certificate
LogInit:  - bUseHttpProxy = false  - Libcurl will NOT use HTTP proxy
LogInit:  - bDontReuseConnections = false  - Libcurl will reuse connections
LogInit:  - MaxHostConnections = 16  - Libcurl will limit the number of connections to a host
LogInit:  - LocalHostAddr = Default
LogInit:  - BufferSize = 65536
LogInit: WinSock: version 1.1 (2.2), MaxSocks=32767, MaxUdp=65467
LogInit: Build: ++UE4+Release-4.21-CL-4613538
LogInit: Engine Version: 4.21.1-4613538+++UE4+Release-4.21
LogInit: Compatible Engine Version: 4.21.0-4541578+++UE4+Release-4.21
LogInit: Net CL: 4541578
LogInit: OS: Windows 10 (), CPU: Intel(R) Core(TM) i7-8565U CPU @ 1.80GHz, GPU: Intel(R) UHD Graphics 620
LogInit: Compiled (64-bit): Nov 30 2018 04:13:25
LogInit: Compiled with Visual C++: 19.13.26129.00
LogInit: Build Configuration: Development
LogInit: Branch Name: ++UE4+Release-4.21
LogInit: Command Line: 
LogInit: Base Directory: C:/Program Files/Epic Games/UE_4.21/Engine/Binaries/Win64/
LogInit: Installed Engine Build: 1
LogDevObjectVersion: Number of dev versions registered: 22
LogDevObjectVersion:   Dev-Blueprints (B0D832E4-1F89-4F0D-ACCF-7EB736FD4AA2): 10
LogDevObjectVersion:   Dev-Build (E1C64328-A22C-4D53-A36C-8E866417BD8C): 0
LogDevObjectVersion:   Dev-Core (375EC13C-06E4-48FB-B500-84F0262A717E): 2
LogDevObjectVersion:   Dev-Editor (E4B068ED-F494-42E9-A231-DA0B2E46BB41): 26
LogDevObjectVersion:   Dev-Framework (CFFC743F-43B0-4480-9391-14DF171D2073): 34
LogDevObjectVersion:   Dev-Mobile (B02B49B5-BB20-44E9-A304-32B752E40360): 2
LogDevObjectVersion:   Dev-Networking (A4E4105C-59A1-49B5-A7C5-40C4547EDFEE): 0
LogDevObjectVersion:   Dev-Online (39C831C9-5AE6-47DC-9A44-9C173E1C8E7C): 0
LogDevObjectVersion:   Dev-Physics (78F01B33-EBEA-4F98-B9B4-84EACCB95AA2): 0
LogDevObjectVersion:   Dev-Platform (6631380F-2D4D-43E0-8009-CF276956A95A): 0
LogDevObjectVersion:   Dev-Rendering (12F88B9F-8875-4AFC-A67C-D90C383ABD29): 27
LogDevObjectVersion:   Dev-Sequencer (7B5AE74C-D270-4C10-A958-57980B212A5A): 9
LogDevObjectVersion:   Dev-VR (D7296918-1DD6-4BDD-9DE2-64A83CC13884): 2
LogDevObjectVersion:   Dev-LoadTimes (C2A15278-BFE7-4AFE-6C17-90FF531DF755): 1
LogDevObjectVersion:   Private-Geometry (6EACA3D4-40EC-4CC1-B786-8BED09428FC5): 3
LogDevObjectVersion:   Dev-AnimPhys (29E575DD-E0A3-4627-9D10-D276232CDCEA): 17
LogDevObjectVersion:   Dev-Anim (AF43A65D-7FD3-4947-9873-3E8ED9C1BB05): 2
LogDevObjectVersion:   Dev-ReflectionCapture (6B266CEC-1EC7-4B8F-A30B-E4D90942FC07): 1
LogDevObjectVersion:   Dev-Automation (0DF73D61-A23F-47EA-B727-89E90C41499A): 1
LogDevObjectVersion:   FortniteMain (601D1886-AC64-4F84-AA16-D3DE0DEAC7D6): 17
LogDevObjectVersion:   Dev-Enterprise (9DFFBCD6-494F-0158-E221-12823C92A888): 4
LogDevObjectVersion:   Dev-Niagara (F2AED0AC-9AFE-416F-8664-AA7FFA26D6FC): 1
LogStreaming: Display: Took  0.009s to delete old logs.
LogInit: Presizing for max 8388607 objects, including 0 objects not considered by GC, pre-allocating 0 bytes for permanent pool.
LogInit: Object subsystem initialized
LogConfig: Setting CVar [[con.DebugEarlyDefault:1]]
LogConfig: Setting CVar [[r.setres:1280x720]]
[2019.01.31-07.27.59:440][  0]LogConfig: Setting CVar [[r.VSync:0]]
[2019.01.31-07.27.59:440][  0]LogConfig: Setting CVar [[r.RHICmdBypass:0]]
[2019.01.31-07.27.59:440][  0]LogConfig: Applying CVar settings from Section [/Script/Engine.RendererSettings] File [C:/Users/jb/studium/5semester/gameEngines/gameEngines_2/maze_runner/Saved/Config/Windows/Engine.ini]
[2019.01.31-07.27.59:440][  0]LogConfig: Setting CVar [[r.GPUCrashDebugging:0]]
[2019.01.31-07.27.59:440][  0]LogConfig: Applying CVar settings from Section [/Script/Engine.RendererOverrideSettings] File [C:/Users/jb/studium/5semester/gameEngines/gameEngines_2/maze_runner/Saved/Config/Windows/Engine.ini]
[2019.01.31-07.27.59:440][  0]LogConfig: Applying CVar settings from Section [/Script/Engine.StreamingSettings] File [C:/Users/jb/studium/5semester/gameEngines/gameEngines_2/maze_runner/Saved/Config/Windows/Engine.ini]
[2019.01.31-07.27.59:440][  0]LogConfig: Setting CVar [[s.MinBulkDataSizeForAsyncLoading:131072]]
[2019.01.31-07.27.59:440][  0]LogConfig: Setting CVar [[s.AsyncLoadingThreadEnabled:0]]
[2019.01.31-07.27.59:440][  0]LogConfig: Setting CVar [[s.EventDrivenLoaderEnabled:1]]
[2019.01.31-07.27.59:440][  0]LogConfig: Setting CVar [[s.WarnIfTimeLimitExceeded:0]]
[2019.01.31-07.27.59:440][  0]LogConfig: Setting CVar [[s.TimeLimitExceededMultiplier:1.5]]
[2019.01.31-07.27.59:440][  0]LogConfig: Setting CVar [[s.TimeLimitExceededMinTime:0.005]]
[2019.01.31-07.27.59:440][  0]LogConfig: Setting CVar [[s.UseBackgroundLevelStreaming:1]]
[2019.01.31-07.27.59:440][  0]LogConfig: Setting CVar [[s.PriorityAsyncLoadingExtraTime:15.0]]
[2019.01.31-07.27.59:440][  0]LogConfig: Setting CVar [[s.LevelStreamingActorsUpdateTimeLimit:5.0]]
[2019.01.31-07.27.59:440][  0]LogConfig: Setting CVar [[s.PriorityLevelStreamingActorsUpdateExtraTime:5.0]]
[2019.01.31-07.27.59:440][  0]LogConfig: Setting CVar [[s.LevelStreamingComponentsRegistrationGranularity:10]]
[2019.01.31-07.27.59:440][  0]LogConfig: Setting CVar [[s.UnregisterComponentsTimeLimit:1.0]]
[2019.01.31-07.27.59:440][  0]LogConfig: Setting CVar [[s.LevelStreamingComponentsUnregistrationGranularity:5]]
[2019.01.31-07.27.59:440][  0]LogConfig: Applying CVar settings from Section [/Script/Engine.GarbageCollectionSettings] File [C:/Users/jb/studium/5semester/gameEngines/gameEngines_2/maze_runner/Saved/Config/Windows/Engine.ini]
[2019.01.31-07.27.59:440][  0]LogConfig: Setting CVar [[gc.MaxObjectsNotConsideredByGC:1]]
[2019.01.31-07.27.59:440][  0]LogConfig: Setting CVar [[gc.SizeOfPermanentObjectPool:0]]
[2019.01.31-07.27.59:440][  0]LogConfig: Setting CVar [[gc.FlushStreamingOnGC:0]]
[2019.01.31-07.27.59:440][  0]LogConfig: Setting CVar [[gc.NumRetriesBeforeForcingGC:10]]
[2019.01.31-07.27.59:440][  0]LogConfig: Setting CVar [[gc.AllowParallelGC:1]]
[2019.01.31-07.27.59:440][  0]LogConfig: Setting CVar [[gc.TimeBetweenPurgingPendingKillObjects:61.1]]
[2019.01.31-07.27.59:440][  0]LogConfig: Setting CVar [[gc.MaxObjectsInEditor:8388607]]
[2019.01.31-07.27.59:440][  0]LogConfig: Setting CVar [[gc.IncrementalBeginDestroyEnabled:1]]
[2019.01.31-07.27.59:440][  0]LogConfig: Setting CVar [[gc.CreateGCClusters:1]]
[2019.01.31-07.27.59:441][  0]LogConfig: Setting CVar [[gc.MergeGCClusters:0]]
[2019.01.31-07.27.59:441][  0]LogConfig: Setting CVar [[gc.MinGCClusterSize:5]]
[2019.01.31-07.27.59:441][  0]LogConfig: Setting CVar [[gc.ActorClusteringEnabled:0]]
[2019.01.31-07.27.59:441][  0]LogConfig: Setting CVar [[gc.BlueprintClusteringEnabled:0]]
[2019.01.31-07.27.59:441][  0]LogConfig: Setting CVar [[gc.UseDisregardForGCOnDedicatedServers:0]]
[2019.01.31-07.27.59:441][  0]LogConfig: Applying CVar settings from Section [/Script/Engine.NetworkSettings] File [C:/Users/jb/studium/5semester/gameEngines/gameEngines_2/maze_runner/Saved/Config/Windows/Engine.ini]
[2019.01.31-07.27.59:441][  0]LogConfig: Applying CVar settings from Section [/Script/UnrealEd.CookerSettings] File [C:/Users/jb/studium/5semester/gameEngines/gameEngines_2/maze_runner/Saved/Config/Windows/Engine.ini]
[2019.01.31-07.27.59:443][  0]LogConfig: Applying CVar settings from Section [ViewDistanceQuality@3] File [C:/Users/jb/studium/5semester/gameEngines/gameEngines_2/maze_runner/Saved/Config/Windows/Scalability.ini]
[2019.01.31-07.27.59:443][  0]LogConfig: Setting CVar [[r.SkeletalMeshLODBias:0]]
[2019.01.31-07.27.59:443][  0]LogConfig: Setting CVar [[r.ViewDistanceScale:1.0]]
[2019.01.31-07.27.59:443][  0]LogConfig: Applying CVar settings from Section [AntiAliasingQuality@3] File [C:/Users/jb/studium/5semester/gameEngines/gameEngines_2/maze_runner/Saved/Config/Windows/Scalability.ini]
[2019.01.31-07.27.59:443][  0]LogConfig: Setting CVar [[r.PostProcessAAQuality:4]]
[2019.01.31-07.27.59:443][  0]LogConfig: Applying CVar settings from Section [ShadowQuality@3] File [C:/Users/jb/studium/5semester/gameEngines/gameEngines_2/maze_runner/Saved/Config/Windows/Scalability.ini]
[2019.01.31-07.27.59:443][  0]LogConfig: Setting CVar [[r.LightFunctionQuality:1]]
[2019.01.31-07.27.59:443][  0]LogConfig: Setting CVar [[r.ShadowQuality:5]]
[2019.01.31-07.27.59:443][  0]LogConfig: Setting CVar [[r.Shadow.CSM.MaxCascades:10]]
[2019.01.31-07.27.59:443][  0]LogConfig: Setting CVar [[r.Shadow.MaxResolution:2048]]
[2019.01.31-07.27.59:443][  0]LogConfig: Setting CVar [[r.Shadow.MaxCSMResolution:2048]]
[2019.01.31-07.27.59:443][  0]LogConfig: Setting CVar [[r.Shadow.RadiusThreshold:0.01]]
[2019.01.31-07.27.59:443][  0]LogConfig: Setting CVar [[r.Shadow.DistanceScale:1.0]]
[2019.01.31-07.27.59:443][  0]LogConfig: Setting CVar [[r.Shadow.CSM.TransitionScale:1.0]]
[2019.01.31-07.27.59:443][  0]LogConfig: Setting CVar [[r.Shadow.PreShadowResolutionFactor:1.0]]
[2019.01.31-07.27.59:443][  0]LogConfig: Setting CVar [[r.DistanceFieldShadowing:1]]
[2019.01.31-07.27.59:443][  0]LogConfig: Setting CVar [[r.DistanceFieldAO:1]]
[2019.01.31-07.27.59:443][  0]LogConfig: Setting CVar [[r.AOQuality:2]]
[2019.01.31-07.27.59:443][  0]LogConfig: Setting CVar [[r.VolumetricFog:1]]
[2019.01.31-07.27.59:443][  0]LogConfig: Setting CVar [[r.VolumetricFog.GridPixelSize:8]]
[2019.01.31-07.27.59:443][  0]LogConfig: Setting CVar [[r.VolumetricFog.GridSizeZ:128]]
[2019.01.31-07.27.59:443][  0]LogConfig: Setting CVar [[r.VolumetricFog.HistoryMissSupersampleCount:4]]
[2019.01.31-07.27.59:443][  0]LogConfig: Setting CVar [[r.LightMaxDrawDistanceScale:1]]
[2019.01.31-07.27.59:443][  0]LogConfig: Setting CVar [[r.CapsuleShadows:1]]
[2019.01.31-07.27.59:443][  0]LogConfig: Applying CVar settings from Section [PostProcessQuality@3] File [C:/Users/jb/studium/5semester/gameEngines/gameEngines_2/maze_runner/Saved/Config/Windows/Scalability.ini]
[2019.01.31-07.27.59:443][  0]LogConfig: Setting CVar [[r.MotionBlurQuality:4]]
[2019.01.31-07.27.59:443][  0]LogConfig: Setting CVar [[r.AmbientOcclusionMipLevelFactor:0.4]]
[2019.01.31-07.27.59:443][  0]LogConfig: Setting CVar [[r.AmbientOcclusionMaxQuality:100]]
[2019.01.31-07.27.59:443][  0]LogConfig: Setting CVar [[r.AmbientOcclusionLevels:-1]]
[2019.01.31-07.27.59:443][  0]LogConfig: Setting CVar [[r.AmbientOcclusionRadiusScale:1.0]]
[2019.01.31-07.27.59:443][  0]LogConfig: Setting CVar [[r.DepthOfFieldQuality:2]]
[2019.01.31-07.27.59:443][  0]LogConfig: Setting CVar [[r.RenderTargetPoolMin:400]]
[2019.01.31-07.27.59:443][  0]LogConfig: Setting CVar [[r.LensFlareQuality:2]]
[2019.01.31-07.27.59:443][  0]LogConfig: Setting CVar [[r.SceneColorFringeQuality:1]]
[2019.01.31-07.27.59:443][  0]LogConfig: Setting CVar [[r.EyeAdaptationQuality:2]]
[2019.01.31-07.27.59:443][  0]LogConfig: Setting CVar [[r.BloomQuality:5]]
[2019.01.31-07.27.59:443][  0]LogConfig: Setting CVar [[r.FastBlurThreshold:100]]
[2019.01.31-07.27.59:443][  0]LogConfig: Setting CVar [[r.Upscale.Quality:3]]
[2019.01.31-07.27.59:443][  0]LogConfig: Setting CVar [[r.Tonemapper.GrainQuantization:1]]
[2019.01.31-07.27.59:443][  0]LogConfig: Setting CVar [[r.LightShaftQuality:1]]
[2019.01.31-07.27.59:443][  0]LogConfig: Setting CVar [[r.Filter.SizeScale:1]]
[2019.01.31-07.27.59:443][  0]LogConfig: Setting CVar [[r.Tonemapper.Quality:5]]
[2019.01.31-07.27.59:443][  0]LogConfig: Setting CVar [[r.DOF.Gather.AccumulatorQuality:1        ; higher gathering accumulator quality]]
[2019.01.31-07.27.59:443][  0]LogConfig: Setting CVar [[r.DOF.Gather.PostfilterMethod:1          ; Median3x3 postfilering method]]
[2019.01.31-07.27.59:443][  0]LogConfig: Setting CVar [[r.DOF.Gather.EnableBokehSettings:0       ; no bokeh simulation when gathering]]
[2019.01.31-07.27.59:443][  0]LogConfig: Setting CVar [[r.DOF.Gather.RingCount:4                 ; medium number of samples when gathering]]
[2019.01.31-07.27.59:443][  0]LogConfig: Setting CVar [[r.DOF.Scatter.ForegroundCompositing:1    ; additive foreground scattering]]
[2019.01.31-07.27.59:443][  0]LogConfig: Setting CVar [[r.DOF.Scatter.BackgroundCompositing:2    ; additive background scattering]]
[2019.01.31-07.27.59:443][  0]LogConfig: Setting CVar [[r.DOF.Scatter.EnableBokehSettings:1      ; bokeh simulation when scattering]]
[2019.01.31-07.27.59:443][  0]LogConfig: Setting CVar [[r.DOF.Scatter.MaxSpriteRatio:0.1         ; only a maximum of 10% of scattered bokeh]]
[2019.01.31-07.27.59:443][  0]LogConfig: Setting CVar [[r.DOF.Recombine.Quality:1                ; cheap slight out of focus]]
[2019.01.31-07.27.59:443][  0]LogConfig: Setting CVar [[r.DOF.Recombine.EnableBokehSettings:0    ; no bokeh simulation on slight out of focus]]
[2019.01.31-07.27.59:444][  0]LogConfig: Setting CVar [[r.DOF.TemporalAAQuality:1                ; more stable temporal accumulation]]
[2019.01.31-07.27.59:444][  0]LogConfig: Setting CVar [[r.DOF.Kernel.MaxForegroundRadius:0.025]]
[2019.01.31-07.27.59:444][  0]LogConfig: Setting CVar [[r.DOF.Kernel.MaxBackgroundRadius:0.025]]
[2019.01.31-07.27.59:444][  0]LogConfig: Applying CVar settings from Section [TextureQuality@3] File [C:/Users/jb/studium/5semester/gameEngines/gameEngines_2/maze_runner/Saved/Config/Windows/Scalability.ini]
[2019.01.31-07.27.59:444][  0]LogConfig: Setting CVar [[r.Streaming.MipBias:0]]
[2019.01.31-07.27.59:444][  0]LogConfig: Setting CVar [[r.Streaming.AmortizeCPUToGPUCopy:0]]
[2019.01.31-07.27.59:444][  0]LogConfig: Setting CVar [[r.Streaming.MaxNumTexturesToStreamPerFrame:0]]
[2019.01.31-07.27.59:444][  0]LogConfig: Setting CVar [[r.Streaming.Boost:1]]
[2019.01.31-07.27.59:444][  0]LogConfig: Setting CVar [[r.MaxAnisotropy:8]]
[2019.01.31-07.27.59:444][  0]LogConfig: Setting CVar [[r.Streaming.LimitPoolSizeToVRAM:0]]
[2019.01.31-07.27.59:444][  0]LogConfig: Setting CVar [[r.Streaming.PoolSize:1000]]
[2019.01.31-07.27.59:444][  0]LogConfig: Setting CVar [[r.Streaming.MaxEffectiveScreenSize:0]]
[2019.01.31-07.27.59:444][  0]LogConfig: Applying CVar settings from Section [EffectsQuality@3] File [C:/Users/jb/studium/5semester/gameEngines/gameEngines_2/maze_runner/Saved/Config/Windows/Scalability.ini]
[2019.01.31-07.27.59:444][  0]LogConfig: Setting CVar [[r.TranslucencyLightingVolumeDim:64]]
[2019.01.31-07.27.59:444][  0]LogConfig: Setting CVar [[r.RefractionQuality:2]]
[2019.01.31-07.27.59:444][  0]LogConfig: Setting CVar [[r.SSR.Quality:3]]
[2019.01.31-07.27.59:444][  0]LogConfig: Setting CVar [[r.SceneColorFormat:4]]
[2019.01.31-07.27.59:444][  0]LogConfig: Setting CVar [[r.DetailMode:2]]
[2019.01.31-07.27.59:444][  0]LogConfig: Setting CVar [[r.TranslucencyVolumeBlur:1]]
[2019.01.31-07.27.59:444][  0]LogConfig: Setting CVar [[r.MaterialQualityLevel:1 ; High quality]]
[2019.01.31-07.27.59:444][  0]LogConfig: Setting CVar [[r.SSS.Scale:1]]
[2019.01.31-07.27.59:444][  0]LogConfig: Setting CVar [[r.SSS.SampleSet:2]]
[2019.01.31-07.27.59:444][  0]LogConfig: Setting CVar [[r.SSS.Quality:1]]
[2019.01.31-07.27.59:444][  0]LogConfig: Setting CVar [[r.SSS.HalfRes:1]]
[2019.01.31-07.27.59:444][  0]LogConfig: Setting CVar [[r.EmitterSpawnRateScale:1.0]]
[2019.01.31-07.27.59:444][  0]LogConfig: Setting CVar [[r.ParticleLightQuality:2]]
[2019.01.31-07.27.59:444][  0]LogConfig: Applying CVar settings from Section [FoliageQuality@3] File [C:/Users/jb/studium/5semester/gameEngines/gameEngines_2/maze_runner/Saved/Config/Windows/Scalability.ini]
[2019.01.31-07.27.59:444][  0]LogConfig: Setting CVar [[foliage.DensityScale:1.0]]
[2019.01.31-07.27.59:444][  0]LogConfig: Setting CVar [[grass.DensityScale:1.0]]
[2019.01.31-07.27.59:444][  0]LogInit: Selected Device Profile: [Windows]
[2019.01.31-07.27.59:444][  0]LogInit: Applying CVar settings loaded from the selected device profile: [Windows]
[2019.01.31-07.27.59:453][  0]LogHAL: Display: Platform has ~ 16 GB [17018114048 / 17179869184 / 16], which maps to Larger [LargestMinGB=32, LargerMinGB=12, DefaultMinGB=8, SmallerMinGB=6, SmallestMinGB=0)
[2019.01.31-07.27.59:454][  0]LogConfig: Setting CVar [[r.Vulkan.UseRealUBs:1]]
[2019.01.31-07.27.59:454][  0]LogInit: Going up to parent DeviceProfile []
[2019.01.31-07.27.59:454][  0]LogConfig: Applying CVar settings from Section [ViewDistanceQuality@3] File [C:/Users/jb/studium/5semester/gameEngines/gameEngines_2/maze_runner/Saved/Config/Windows/Scalability.ini]
[2019.01.31-07.27.59:454][  0]LogConfig: Setting CVar [[r.SkeletalMeshLODBias:0]]
[2019.01.31-07.27.59:454][  0]LogConfig: Setting CVar [[r.ViewDistanceScale:1.0]]
[2019.01.31-07.27.59:454][  0]LogConfig: Applying CVar settings from Section [AntiAliasingQuality@3] File [C:/Users/jb/studium/5semester/gameEngines/gameEngines_2/maze_runner/Saved/Config/Windows/Scalability.ini]
[2019.01.31-07.27.59:454][  0]LogConfig: Setting CVar [[r.PostProcessAAQuality:4]]
[2019.01.31-07.27.59:454][  0]LogConfig: Applying CVar settings from Section [ShadowQuality@3] File [C:/Users/jb/studium/5semester/gameEngines/gameEngines_2/maze_runner/Saved/Config/Windows/Scalability.ini]
[2019.01.31-07.27.59:454][  0]LogConfig: Setting CVar [[r.LightFunctionQuality:1]]
[2019.01.31-07.27.59:454][  0]LogConfig: Setting CVar [[r.ShadowQuality:5]]
[2019.01.31-07.27.59:454][  0]LogConfig: Setting CVar [[r.Shadow.CSM.MaxCascades:10]]
[2019.01.31-07.27.59:454][  0]LogConfig: Setting CVar [[r.Shadow.MaxResolution:2048]]
[2019.01.31-07.27.59:454][  0]LogConfig: Setting CVar [[r.Shadow.MaxCSMResolution:2048]]
[2019.01.31-07.27.59:454][  0]LogConfig: Setting CVar [[r.Shadow.RadiusThreshold:0.01]]
[2019.01.31-07.27.59:454][  0]LogConfig: Setting CVar [[r.Shadow.DistanceScale:1.0]]
[2019.01.31-07.27.59:454][  0]LogConfig: Setting CVar [[r.Shadow.CSM.TransitionScale:1.0]]
[2019.01.31-07.27.59:454][  0]LogConfig: Setting CVar [[r.Shadow.PreShadowResolutionFactor:1.0]]
[2019.01.31-07.27.59:454][  0]LogConfig: Setting CVar [[r.DistanceFieldShadowing:1]]
[2019.01.31-07.27.59:454][  0]LogConfig: Setting CVar [[r.DistanceFieldAO:1]]
[2019.01.31-07.27.59:454][  0]LogConfig: Setting CVar [[r.AOQuality:2]]
[2019.01.31-07.27.59:454][  0]LogConfig: Setting CVar [[r.VolumetricFog:1]]
[2019.01.31-07.27.59:454][  0]LogConfig: Setting CVar [[r.VolumetricFog.GridPixelSize:8]]
[2019.01.31-07.27.59:454][  0]LogConfig: Setting CVar [[r.VolumetricFog.GridSizeZ:128]]
[2019.01.31-07.27.59:454][  0]LogConfig: Setting CVar [[r.VolumetricFog.HistoryMissSupersampleCount:4]]
[2019.01.31-07.27.59:454][  0]LogConfig: Setting CVar [[r.LightMaxDrawDistanceScale:1]]
[2019.01.31-07.27.59:454][  0]LogConfig: Setting CVar [[r.CapsuleShadows:1]]
[2019.01.31-07.27.59:454][  0]LogConfig: Applying CVar settings from Section [PostProcessQuality@3] File [C:/Users/jb/studium/5semester/gameEngines/gameEngines_2/maze_runner/Saved/Config/Windows/Scalability.ini]
[2019.01.31-07.27.59:454][  0]LogConfig: Setting CVar [[r.MotionBlurQuality:4]]
[2019.01.31-07.27.59:454][  0]LogConfig: Setting CVar [[r.AmbientOcclusionMipLevelFactor:0.4]]
[2019.01.31-07.27.59:454][  0]LogConfig: Setting CVar [[r.AmbientOcclusionMaxQuality:100]]
[2019.01.31-07.27.59:454][  0]LogConfig: Setting CVar [[r.AmbientOcclusionLevels:-1]]
[2019.01.31-07.27.59:454][  0]LogConfig: Setting CVar [[r.AmbientOcclusionRadiusScale:1.0]]
[2019.01.31-07.27.59:454][  0]LogConfig: Setting CVar [[r.DepthOfFieldQuality:2]]
[2019.01.31-07.27.59:454][  0]LogConfig: Setting CVar [[r.RenderTargetPoolMin:400]]
[2019.01.31-07.27.59:454][  0]LogConfig: Setting CVar [[r.LensFlareQuality:2]]
[2019.01.31-07.27.59:454][  0]LogConfig: Setting CVar [[r.SceneColorFringeQuality:1]]
[2019.01.31-07.27.59:454][  0]LogConfig: Setting CVar [[r.EyeAdaptationQuality:2]]
[2019.01.31-07.27.59:454][  0]LogConfig: Setting CVar [[r.BloomQuality:5]]
[2019.01.31-07.27.59:454][  0]LogConfig: Setting CVar [[r.FastBlurThreshold:100]]
[2019.01.31-07.27.59:454][  0]LogConfig: Setting CVar [[r.Upscale.Quality:3]]
[2019.01.31-07.27.59:454][  0]LogConfig: Setting CVar [[r.Tonemapper.GrainQuantization:1]]
[2019.01.31-07.27.59:454][  0]LogConfig: Setting CVar [[r.LightShaftQuality:1]]
[2019.01.31-07.27.59:454][  0]LogConfig: Setting CVar [[r.Filter.SizeScale:1]]
[2019.01.31-07.27.59:454][  0]LogConfig: Setting CVar [[r.Tonemapper.Quality:5]]
[2019.01.31-07.27.59:454][  0]LogConfig: Setting CVar [[r.DOF.Gather.AccumulatorQuality:1        ; higher gathering accumulator quality]]
[2019.01.31-07.27.59:454][  0]LogConfig: Setting CVar [[r.DOF.Gather.PostfilterMethod:1          ; Median3x3 postfilering method]]
[2019.01.31-07.27.59:454][  0]LogConfig: Setting CVar [[r.DOF.Gather.EnableBokehSettings:0       ; no bokeh simulation when gathering]]
[2019.01.31-07.27.59:454][  0]LogConfig: Setting CVar [[r.DOF.Gather.RingCount:4                 ; medium number of samples when gathering]]
[2019.01.31-07.27.59:454][  0]LogConfig: Setting CVar [[r.DOF.Scatter.ForegroundCompositing:1    ; additive foreground scattering]]
[2019.01.31-07.27.59:454][  0]LogConfig: Setting CVar [[r.DOF.Scatter.BackgroundCompositing:2    ; additive background scattering]]
[2019.01.31-07.27.59:454][  0]LogConfig: Setting CVar [[r.DOF.Scatter.EnableBokehSettings:1      ; bokeh simulation when scattering]]
[2019.01.31-07.27.59:454][  0]LogConfig: Setting CVar [[r.DOF.Scatter.MaxSpriteRatio:0.1         ; only a maximum of 10% of scattered bokeh]]
[2019.01.31-07.27.59:454][  0]LogConfig: Setting CVar [[r.DOF.Recombine.Quality:1                ; cheap slight out of focus]]
[2019.01.31-07.27.59:454][  0]LogConfig: Setting CVar [[r.DOF.Recombine.EnableBokehSettings:0    ; no bokeh simulation on slight out of focus]]
[2019.01.31-07.27.59:454][  0]LogConfig: Setting CVar [[r.DOF.TemporalAAQuality:1                ; more stable temporal accumulation]]
[2019.01.31-07.27.59:454][  0]LogConfig: Setting CVar [[r.DOF.Kernel.MaxForegroundRadius:0.025]]
[2019.01.31-07.27.59:454][  0]LogConfig: Setting CVar [[r.DOF.Kernel.MaxBackgroundRadius:0.025]]
[2019.01.31-07.27.59:454][  0]LogConfig: Applying CVar settings from Section [TextureQuality@3] File [C:/Users/jb/studium/5semester/gameEngines/gameEngines_2/maze_runner/Saved/Config/Windows/Scalability.ini]
[2019.01.31-07.27.59:454][  0]LogConfig: Setting CVar [[r.Streaming.MipBias:0]]
[2019.01.31-07.27.59:454][  0]LogConfig: Setting CVar [[r.Streaming.AmortizeCPUToGPUCopy:0]]
[2019.01.31-07.27.59:454][  0]LogConfig: Setting CVar [[r.Streaming.MaxNumTexturesToStreamPerFrame:0]]
[2019.01.31-07.27.59:454][  0]LogConfig: Setting CVar [[r.Streaming.Boost:1]]
[2019.01.31-07.27.59:454][  0]LogConfig: Setting CVar [[r.MaxAnisotropy:8]]
[2019.01.31-07.27.59:454][  0]LogConfig: Setting CVar [[r.Streaming.LimitPoolSizeToVRAM:0]]
[2019.01.31-07.27.59:454][  0]LogConfig: Setting CVar [[r.Streaming.PoolSize:1000]]
[2019.01.31-07.27.59:454][  0]LogConfig: Setting CVar [[r.Streaming.MaxEffectiveScreenSize:0]]
[2019.01.31-07.27.59:454][  0]LogConfig: Applying CVar settings from Section [EffectsQuality@3] File [C:/Users/jb/studium/5semester/gameEngines/gameEngines_2/maze_runner/Saved/Config/Windows/Scalability.ini]
[2019.01.31-07.27.59:454][  0]LogConfig: Setting CVar [[r.TranslucencyLightingVolumeDim:64]]
[2019.01.31-07.27.59:454][  0]LogConfig: Setting CVar [[r.RefractionQuality:2]]
[2019.01.31-07.27.59:454][  0]LogConfig: Setting CVar [[r.SSR.Quality:3]]
[2019.01.31-07.27.59:454][  0]LogConfig: Setting CVar [[r.SceneColorFormat:4]]
[2019.01.31-07.27.59:454][  0]LogConfig: Setting CVar [[r.DetailMode:2]]
[2019.01.31-07.27.59:454][  0]LogConfig: Setting CVar [[r.TranslucencyVolumeBlur:1]]
[2019.01.31-07.27.59:454][  0]LogConfig: Setting CVar [[r.MaterialQualityLevel:1 ; High quality]]
[2019.01.31-07.27.59:454][  0]LogConfig: Setting CVar [[r.SSS.Scale:1]]
[2019.01.31-07.27.59:454][  0]LogConfig: Setting CVar [[r.SSS.SampleSet:2]]
[2019.01.31-07.27.59:454][  0]LogConfig: Setting CVar [[r.SSS.Quality:1]]
[2019.01.31-07.27.59:455][  0]LogConfig: Setting CVar [[r.SSS.HalfRes:1]]
[2019.01.31-07.27.59:455][  0]LogConfig: Setting CVar [[r.EmitterSpawnRateScale:1.0]]
[2019.01.31-07.27.59:455][  0]LogConfig: Setting CVar [[r.ParticleLightQuality:2]]
[2019.01.31-07.27.59:455][  0]LogConfig: Applying CVar settings from Section [FoliageQuality@3] File [C:/Users/jb/studium/5semester/gameEngines/gameEngines_2/maze_runner/Saved/Config/Windows/Scalability.ini]
[2019.01.31-07.27.59:455][  0]LogConfig: Setting CVar [[foliage.DensityScale:1.0]]
[2019.01.31-07.27.59:455][  0]LogConfig: Setting CVar [[grass.DensityScale:1.0]]
[2019.01.31-07.27.59:455][  0]LogConfig: Applying CVar settings from Section [Startup] File [../../../Engine/Config/ConsoleVariables.ini]
[2019.01.31-07.27.59:455][  0]LogConfig: Setting CVar [[net.UseAdaptiveNetUpdateFrequency:0]]
[2019.01.31-07.27.59:455][  0]LogConfig: Applying CVar settings from Section [ConsoleVariables] File [C:/Users/jb/studium/5semester/gameEngines/gameEngines_2/maze_runner/Saved/Config/Windows/Engine.ini]
[2019.01.31-07.27.59:455][  0]LogInit: Computer: LAPTOP-4DDR39I4
[2019.01.31-07.27.59:455][  0]LogInit: User: jb
[2019.01.31-07.27.59:455][  0]LogInit: CPU Page size=4096, Cores=4
[2019.01.31-07.27.59:455][  0]LogInit: High frequency timer resolution =1.945312 MHz
[2019.01.31-07.27.59:455][  0]LogMemory: Memory total: Physical=15.8GB (16GB approx)
[2019.01.31-07.27.59:455][  0]LogMemory: Platform Memory Stats for Windows
[2019.01.31-07.27.59:455][  0]LogMemory: Process Physical Memory: 104.32 MB used, 104.32 MB peak
[2019.01.31-07.27.59:455][  0]LogMemory: Process Virtual Memory: 91.39 MB used, 91.39 MB peak
[2019.01.31-07.27.59:455][  0]LogMemory: Physical Memory: 4774.37 MB used,  11455.37 MB free, 16229.74 MB total
[2019.01.31-07.27.59:455][  0]LogMemory: Virtual Memory: 4638.17 MB used,  134213088.00 MB free, 134217728.00 MB total
[2019.01.31-07.27.59:477][  0]LogInit: Using OS detected language (en-US).
[2019.01.31-07.27.59:477][  0]LogInit: Using OS detected locale (en-US).
[2019.01.31-07.27.59:478][  0]LogTextLocalizationManager: No specific localization for 'en-US' exists, so the 'en' localization will be used.
[2019.01.31-07.27.59:803][  0]LogStreaming: Display: Took  0.326s to InitEngineTextLocalization.
[2019.01.31-07.27.59:803][  0]LogInit: Setting process to per monitor DPI aware
[2019.01.31-07.27.59:843][  0]LogSlate: New Slate User Created.  User Index 0, Is Virtual User: 0
[2019.01.31-07.27.59:843][  0]LogSlate: Slate User Registered.  User Index 0, Is Virtual User: 0
[2019.01.31-07.28.00:046][  0]LogHMD: Failed to initialize OpenVR with code 110
[2019.01.31-07.28.00:046][  0]LogD3D11RHI: D3D11 adapters:
[2019.01.31-07.28.00:710][  0]LogD3D11RHI:    0. 'NVIDIA GeForce MX150' (Feature Level 11_0)
[2019.01.31-07.28.00:710][  0]LogD3D11RHI:       1983/0/8114 MB DedicatedVideo/DedicatedSystem/SharedSystem, Outputs:1, VendorId:0x10de
[2019.01.31-07.28.00:724][  0]LogD3D11RHI:    1. 'Intel(R) UHD Graphics 620' (Feature Level 11_0)
[2019.01.31-07.28.00:724][  0]LogD3D11RHI:       128/0/8114 MB DedicatedVideo/DedicatedSystem/SharedSystem, Outputs:0, VendorId:0x8086
[2019.01.31-07.28.00:725][  0]LogD3D11RHI:    2. 'Microsoft Basic Render Driver' (Feature Level 11_0)
[2019.01.31-07.28.00:725][  0]LogD3D11RHI:       0/0/8114 MB DedicatedVideo/DedicatedSystem/SharedSystem, Outputs:0, VendorId:0x1414
[2019.01.31-07.28.00:725][  0]LogD3D11RHI: Chosen D3D11 Adapter: 0
[2019.01.31-07.28.00:745][  0]LogD3D11RHI: Creating new Direct3DDevice
[2019.01.31-07.28.00:745][  0]LogD3D11RHI:     GPU DeviceId: 0x1d12 (for the marketing name, search the web for "GPU Device Id")
[2019.01.31-07.28.00:745][  0]LogWindows: EnumDisplayDevices:
[2019.01.31-07.28.00:745][  0]LogWindows:    0. 'Intel(R) UHD Graphics 620' (P:1 D:1)
[2019.01.31-07.28.00:746][  0]LogWindows:    1. 'Intel(R) UHD Graphics 620' (P:0 D:0)
[2019.01.31-07.28.00:746][  0]LogWindows:    2. 'Intel(R) UHD Graphics 620' (P:0 D:0)
[2019.01.31-07.28.00:746][  0]LogWindows: DebugString: PrimaryIsNotTheChoosenAdapter PrimaryIsNotTheChoosenAdapter PrimaryIsNotTheChoosenAdapter FoundDriverCount:0 
[2019.01.31-07.28.00:746][  0]LogD3D11RHI:     Adapter Name: NVIDIA GeForce MX150
[2019.01.31-07.28.00:746][  0]LogD3D11RHI:   Driver Version: Unknown (internal:Unknown, unified:Unknown)
[2019.01.31-07.28.00:746][  0]LogD3D11RHI:      Driver Date: Unknown
[2019.01.31-07.28.00:746][  0]LogRHI: Texture pool is 1388 MB (70% of 1983 MB)
[2019.01.31-07.28.00:782][  0]LogD3D11RHI: Async texture creation enabled
[2019.01.31-07.28.00:799][  0]LogD3D11RHI: GPU Timing Frequency: 1000.000000 (Debug: 2 2)
[2019.01.31-07.28.01:080][  0]LogTemp: Display: Loaded TP AllDesktopTargetPlatform
[2019.01.31-07.28.01:090][  0]LogTemp: Display: Loaded TP MacClientTargetPlatform
[2019.01.31-07.28.01:100][  0]LogTemp: Display: Loaded TP MacNoEditorTargetPlatform
[2019.01.31-07.28.01:111][  0]LogTemp: Display: Loaded TP MacServerTargetPlatform
[2019.01.31-07.28.01:122][  0]LogTemp: Display: Loaded TP MacTargetPlatform
[2019.01.31-07.28.01:132][  0]LogTemp: Display: Loaded TP WindowsClientTargetPlatform
[2019.01.31-07.28.01:142][  0]LogTemp: Display: Loaded TP WindowsNoEditorTargetPlatform
[2019.01.31-07.28.01:153][  0]LogTemp: Display: Loaded TP WindowsServerTargetPlatform
[2019.01.31-07.28.01:158][  0]LogTemp: Display: Loaded TP WindowsTargetPlatform
[2019.01.31-07.28.01:215][  0]LogTemp: Display: Loaded TP AndroidTargetPlatform
[2019.01.31-07.28.01:215][  0]LogTemp: Display: Loaded TP AndroidTargetPlatform
[2019.01.31-07.28.01:215][  0]LogTemp: Display: Loaded TP AndroidTargetPlatform
[2019.01.31-07.28.01:215][  0]LogTemp: Display: Loaded TP AndroidTargetPlatform
[2019.01.31-07.28.01:215][  0]LogTemp: Display: Loaded TP AndroidTargetPlatform
[2019.01.31-07.28.01:215][  0]LogTemp: Display: Loaded TP AndroidTargetPlatform
[2019.01.31-07.28.01:215][  0]LogTemp: Display: Loaded TP AndroidTargetPlatform
[2019.01.31-07.28.01:215][  0]LogTemp: Display: Loaded TP AndroidTargetPlatform
[2019.01.31-07.28.01:215][  0]LogTemp: Display: Loaded TP AndroidTargetPlatform
[2019.01.31-07.28.01:215][  0]LogTemp: Display: Loaded TP AndroidTargetPlatform
[2019.01.31-07.28.01:215][  0]LogTemp: Display: Loaded TP AndroidTargetPlatform
[2019.01.31-07.28.01:215][  0]LogTemp: Display: Loaded TP AndroidTargetPlatform
[2019.01.31-07.28.01:215][  0]LogTemp: Display: Loaded TP AndroidTargetPlatform
[2019.01.31-07.28.01:215][  0]LogTemp: Display: Loaded TP AndroidTargetPlatform
[2019.01.31-07.28.01:215][  0]LogTemp: Display: Loaded TP AndroidTargetPlatform
[2019.01.31-07.28.01:215][  0]LogTemp: Display: Loaded TP AndroidTargetPlatform
[2019.01.31-07.28.01:215][  0]LogTemp: Display: Loaded TP AndroidTargetPlatform
[2019.01.31-07.28.01:215][  0]LogTemp: Display: Loaded TP AndroidTargetPlatform
[2019.01.31-07.28.01:217][  0]LogTemp: Display: Loaded TP HTML5TargetPlatform
[2019.01.31-07.28.01:271][  0]LogTemp: Display: Loaded TP IOSTargetPlatform
[2019.01.31-07.28.01:271][  0]LogTemp: Display: Loaded TP IOSTargetPlatform
[2019.01.31-07.28.01:288][  0]LogTemp: Display: Loaded TP TVOSTargetPlatform
[2019.01.31-07.28.01:288][  0]LogTemp: Display: Loaded TP TVOSTargetPlatform
[2019.01.31-07.28.01:297][  0]LogTemp: Display: Loaded TP LinuxClientTargetPlatform
[2019.01.31-07.28.01:308][  0]LogTemp: Display: Loaded TP LinuxNoEditorTargetPlatform
[2019.01.31-07.28.01:317][  0]LogTemp: Display: Loaded TP LinuxServerTargetPlatform
[2019.01.31-07.28.01:328][  0]LogTemp: Display: Loaded TP LinuxTargetPlatform
[2019.01.31-07.28.01:363][  0]LogTemp: Display: Loaded TP LuminTargetPlatform
[2019.01.31-07.28.01:363][  0]LogTemp: Display: Loaded TP LuminTargetPlatform
[2019.01.31-07.28.01:363][  0]LogTargetPlatformManager: Display: Building Assets For Windows
[2019.01.31-07.28.01:413][  0]LogShaderCompilers: Guid format shader working directory is -39 characters bigger than the processId version (../../../../../../Users/jb/studium/5semester/gameEngines/gameEngines_2/maze_runner/Intermediate/Shaders/WorkingDirectory/5276/).
[2019.01.31-07.28.01:413][  0]LogShaderCompilers: Cleaned the shader compiler working directory 'C:/Users/jb/AppData/Local/Temp/UnrealShaderWorkingDir/E3E1B82E4B653A3E5F02E3865938C5D0/'.
[2019.01.31-07.28.01:415][  0]LogXGEController: Cleaning working directory: C:/Users/jb/AppData/Local/Temp/UnrealXGEWorkingDir/
[2019.01.31-07.28.01:415][  0]LogXGEController: Cannot use XGE Controller as Incredibuild is not installed on this machine.
[2019.01.31-07.28.01:415][  0]LogShaderCompilers: Cannot use XGE Shader Compiler as Incredibuild is not installed on this machine.
[2019.01.31-07.28.01:415][  0]LogShaderCompilers: Display: Using Local Shader Compiler.
[2019.01.31-07.28.01:833][  0]LogDerivedDataCache: Display: Max Cache Size: 512 MB
[2019.01.31-07.28.01:881][  0]LogDerivedDataCache: Loaded boot cache 0.05s 71MB C:/Users/jb/AppData/Local/UnrealEngine/4.21/DerivedDataCache/Boot.ddc.
[2019.01.31-07.28.01:881][  0]LogDerivedDataCache: Display: Loaded Boot cache: C:/Users/jb/AppData/Local/UnrealEngine/4.21/DerivedDataCache/Boot.ddc
[2019.01.31-07.28.01:881][  0]LogDerivedDataCache: FDerivedDataBackendGraph:  Pak pak cache file ../../../../../../Users/jb/studium/5semester/gameEngines/gameEngines_2/maze_runner/DerivedDataCache/DDC.ddp not found, will not use a pak cache.
[2019.01.31-07.28.01:881][  0]LogDerivedDataCache: Unable to find inner node Pak for hierarchical cache Hierarchy.
[2019.01.31-07.28.01:881][  0]LogDerivedDataCache: FDerivedDataBackendGraph:  CompressedPak pak cache file ../../../../../../Users/jb/studium/5semester/gameEngines/gameEngines_2/maze_runner/DerivedDataCache/Compressed.ddp not found, will not use a pak cache.
[2019.01.31-07.28.01:881][  0]LogDerivedDataCache: Unable to find inner node CompressedPak for hierarchical cache Hierarchy.
[2019.01.31-07.28.01:891][  0]LogDerivedDataCache: Display: Pak cache opened for reading ../../../Engine/DerivedDataCache/Compressed.ddp.
[2019.01.31-07.28.01:891][  0]LogDerivedDataCache: FDerivedDataBackendGraph:  EnterprisePak pak cache file ../../../Enterprise/DerivedDataCache/Compressed.ddp not found, will not use a pak cache.
[2019.01.31-07.28.01:891][  0]LogDerivedDataCache: Unable to find inner node EnterprisePak for hierarchical cache Hierarchy.
[2019.01.31-07.28.01:904][  0]LogDerivedDataCache: Using Local data cache path C:/Users/jb/AppData/Local/UnrealEngine/Common/DerivedDataCache: Writable
[2019.01.31-07.28.01:904][  0]LogDerivedDataCache: Shared data cache path not found in *engine.ini, will not use an Shared cache.
[2019.01.31-07.28.01:904][  0]LogDerivedDataCache: Unable to find inner node Shared for hierarchical cache Hierarchy.
[2019.01.31-07.28.01:923][  0]LogMaterial: Verifying Global Shaders for PCD3D_SM5
[2019.01.31-07.28.01:924][  0]LogSlate: Using FreeType 2.6.0
[2019.01.31-07.28.01:925][  0]LogSlate: SlateFontServices - WITH_FREETYPE: 1, WITH_HARFBUZZ: 1
[2019.01.31-07.28.02:001][  0]LogAssetRegistry: FAssetRegistry took 0.0310 seconds to start up
[2019.01.31-07.28.02:274][  0]LogInit: Selected Device Profile: [Windows]
[2019.01.31-07.28.02:339][  0]LogSimplygon: Simplygon DLL not present - disabling.
[2019.01.31-07.28.02:342][  0]LogMeshReduction: Using SimplygonSwarm for distributed automatic mesh merging
[2019.01.31-07.28.02:342][  0]LogMeshReduction: Using ProxyLODMeshReduction for automatic mesh merging
[2019.01.31-07.28.02:342][  0]LogMeshReduction: Using QuadricMeshReduction for automatic static mesh reduction
[2019.01.31-07.28.02:342][  0]LogMeshReduction: No automatic skeletal mesh reduction module available
[2019.01.31-07.28.02:422][  0]LogNetVersion: unreal_project 1.0.0, NetCL: 4541578, EngineNetVer: 5, GameNetVer: 0 (Checksum: 2550434977)
[2019.01.31-07.28.02:859][  0]LogPackageLocalizationCache: Processed 11 localized package path(s) for 2 prioritized culture(s) in 0.084786 seconds
[2019.01.31-07.28.02:864][  0]LogUObjectArray: 39775 objects as part of root set at end of initial load.
[2019.01.31-07.28.02:864][  0]LogUObjectAllocator: 6914656 out of 0 bytes used by permanent object pool.
[2019.01.31-07.28.02:864][  0]LogUObjectArray: CloseDisregardForGC: 0/0 objects in disregard for GC pool
[2019.01.31-07.28.03:624][  0]LogTcpMessaging: Initializing TcpMessaging bridge
[2019.01.31-07.28.03:638][  0]LogUdpMessaging: Initializing bridge on interface 0.0.0.0:0 to multicast group 230.0.0.1:6666.
[2019.01.31-07.28.04:248][  0]SourceControl: Source control is disabled
[2019.01.31-07.28.04:248][  0]SourceControl: Source control is disabled
[2019.01.31-07.28.04:249][  0]SourceControl: Source control is disabled
[2019.01.31-07.28.04:250][  0]SourceControl: Source control is disabled
[2019.01.31-07.28.04:436][  0]LogAndroidPermission: UAndroidPermissionCallbackProxy::GetInstance
[2019.01.31-07.28.04:482][  0]LogOcInput: OculusInput pre-init called
[2019.01.31-07.28.04:633][  0]LogEngine: Initializing Engine...
[2019.01.31-07.28.04:634][  0]LogHMD: Failed to initialize OpenVR with code 110
[2019.01.31-07.28.04:635][  0]LogStats: UGameplayTagsManager::ConstructGameplayTagTree: ImportINI prefixes -  0.000 s
[2019.01.31-07.28.04:635][  0]LogStats: UGameplayTagsManager::ConstructGameplayTagTree: Construct from data asset -  0.000 s
[2019.01.31-07.28.04:635][  0]LogStats: UGameplayTagsManager::ConstructGameplayTagTree: ImportINI -  0.000 s
[2019.01.31-07.28.04:635][  0]LogStats: UGameplayTagsManager::ConstructGameplayTagTree: GameplayTagTreeChangedEvent.Broadcast -  0.000 s
[2019.01.31-07.28.04:826][  0]LogInit: Initializing FReadOnlyCVARCache
[2019.01.31-07.28.04:838][  0]LogAIModule: Creating AISystem for world Untitled
[2019.01.31-07.28.04:846][  0]LogInit: XAudio2 using 'Lautsprecher (Realtek(R) Audio)' : 2 channels at 48 kHz using 32 bits per sample (channel mask 0x3)
[2019.01.31-07.28.04:896][  0]LogInit: FAudioDevice initialized.
[2019.01.31-07.28.04:896][  0]LogNetVersion: Set ProjectVersion to 1.0.0.0. Version Checksum will be recalculated on next use.
[2019.01.31-07.28.04:958][  0]LogDerivedDataCache: Saved boot cache 0.06s 71MB C:/Users/jb/AppData/Local/UnrealEngine/4.21/DerivedDataCache/Boot.ddc.
[2019.01.31-07.28.04:967][  0]LogInit: Texture streaming: Enabled
[2019.01.31-07.28.04:981][  0]LogEngineSessionManager: EngineSessionManager initialized
[2019.01.31-07.28.04:994][  0]LogInit: Transaction tracking system initialized
[2019.01.31-07.28.05:014][  0]BlueprintLog: New page: Editor Load
[2019.01.31-07.28.05:083][  0]LocalizationService: Localization service is disabled
[2019.01.31-07.28.05:489][  0]LogFileCache: Scanning file cache for directory 'C:/Users/jb/studium/5semester/gameEngines/gameEngines_2/maze_runner/Content/' took 0.02s
[2019.01.31-07.28.05:489][  0]LogCook: Display: Max memory allowance for cook 16384mb min free memory 0mb
[2019.01.31-07.28.05:490][  0]LogCook: Display: Mobile HDR setting 1
[2019.01.31-07.28.05:490][  0]LogGameplayTags: Display: UGameplayTagsManager::DoneAddingNativeTags. DelegateIsBound: 0
[2019.01.31-07.28.05:490][  0]LogStats: UGameplayTagsManager::ConstructGameplayTagTree: ImportINI prefixes -  0.000 s
[2019.01.31-07.28.05:490][  0]LogStats: UGameplayTagsManager::ConstructGameplayTagTree: Construct from data asset -  0.000 s
[2019.01.31-07.28.05:490][  0]LogStats: UGameplayTagsManager::ConstructGameplayTagTree: ImportINI -  0.000 s
[2019.01.31-07.28.05:490][  0]LogStats: UGameplayTagsManager::ConstructGameplayTagTree: GameplayTagTreeChangedEvent.Broadcast -  0.000 s
[2019.01.31-07.28.05:611][  0]SourceControl: Source control is disabled
[2019.01.31-07.28.05:611][  0]Cmd: MAP LOAD FILE="../../../../../../Users/jb/studium/5semester/gameEngines/gameEngines_2/maze_runner/Content/ThirdPersonBP/Maps/ThirdPersonExampleMap.umap" TEMPLATE=0 SHOWPROGRESS=1 FEATURELEVEL=3
[2019.01.31-07.28.05:611][  0]LightingResults: New page: Lighting Build
[2019.01.31-07.28.05:614][  0]MapCheck: New page: Map Check
[2019.01.31-07.28.05:614][  0]LightingResults: New page: Lighting Build
[2019.01.31-07.28.06:029][  0]LogStaticMesh: Building static mesh ProjectileMesh...
[2019.01.31-07.28.06:040][  0]LogStaticMesh: Built static mesh [0.01s] /Game/ThirdPerson/Meshes/ProjectileMesh.ProjectileMesh
[2019.01.31-07.28.06:059][  0]LogAIModule: Creating AISystem for world ThirdPersonExampleMap
[2019.01.31-07.28.06:070][  0]LogEditorServer: Finished looking for orphan Actors (0.000 secs)
[2019.01.31-07.28.06:091][  0]Cmd: MAP CHECKDEP NOCLEARLOG
[2019.01.31-07.28.06:092][  0]MapCheck: Map check complete: 0 Error(s), 0 Warning(s), took 0.176ms to complete.
[2019.01.31-07.28.06:092][  0]LogFileHelpers: Loading map 'ThirdPersonExampleMap' took 0.481
[2019.01.31-07.28.06:202][  0]LogSlate: Updating window title bar state: overlay mode, drag disabled, window buttons hidden, title bar hidden
[2019.01.31-07.28.06:208][  0]LogSlate: Updating window title bar state: overlay mode, drag disabled, window buttons hidden, title bar hidden
[2019.01.31-07.28.06:213][  0]LogSlate: Updating window title bar state: overlay mode, drag disabled, window buttons hidden, title bar hidden
[2019.01.31-07.28.06:219][  0]LogSlate: Updating window title bar state: overlay mode, drag disabled, window buttons hidden, title bar hidden
[2019.01.31-07.28.06:225][  0]LogCollectionManager: Loaded 0 collections in 0.001564 seconds
[2019.01.31-07.28.06:246][  0]LogFileCache: Scanning file cache for directory 'C:/Users/jb/studium/5semester/gameEngines/gameEngines_2/maze_runner/Saved/Collections/' took 0.01s
[2019.01.31-07.28.06:246][  0]LogFileCache: Scanning file cache for directory 'C:/Users/jb/studium/5semester/gameEngines/gameEngines_2/maze_runner/Content/Developers/jb/Collections/' took 0.00s
[2019.01.31-07.28.06:246][  0]LogFileCache: Scanning file cache for directory 'C:/Users/jb/studium/5semester/gameEngines/gameEngines_2/maze_runner/Content/Collections/' took 0.00s
[2019.01.31-07.28.06:246][  0]LogCollectionManager: Rebuilt the GUID cache for 0 collections in 0.000001 seconds
[2019.01.31-07.28.06:257][  0]LogContentBrowser: Native class hierarchy populated in 0.0110 seconds. Added 2651 classes and 620 folders.
[2019.01.31-07.28.06:265][  0]LogContentBrowser: Native class hierarchy updated for 'WidgetCarousel' in 0.0003 seconds. Added 0 classes and 0 folders.
[2019.01.31-07.28.06:267][  0]LogPakFile: Registered encryption key '00000000000000000000000000000000': 0 pak files mounted, 0 remain pending
[2019.01.31-07.28.06:267][  0]LogPakFile: Registered encryption key '00000000000000000000000000000000': 0 pak files mounted, 0 remain pending
[2019.01.31-07.28.06:268][  0]LogPakFile: Registered encryption key '00000000000000000000000000000000': 0 pak files mounted, 0 remain pending
[2019.01.31-07.28.06:268][  0]LogPakFile: Registered encryption key '00000000000000000000000000000000': 0 pak files mounted, 0 remain pending
[2019.01.31-07.28.06:268][  0]LogPakFile: Registered encryption key '00000000000000000000000000000000': 0 pak files mounted, 0 remain pending
[2019.01.31-07.28.06:269][  0]LogPakFile: Registered encryption key '00000000000000000000000000000000': 0 pak files mounted, 0 remain pending
[2019.01.31-07.28.06:269][  0]LogPakFile: Registered encryption key '00000000000000000000000000000000': 0 pak files mounted, 0 remain pending
[2019.01.31-07.28.06:270][  0]LogPakFile: Registered encryption key '00000000000000000000000000000000': 0 pak files mounted, 0 remain pending
[2019.01.31-07.28.06:270][  0]LogPakFile: Registered encryption key '00000000000000000000000000000000': 0 pak files mounted, 0 remain pending
[2019.01.31-07.28.06:271][  0]LogPakFile: Registered encryption key '00000000000000000000000000000000': 0 pak files mounted, 0 remain pending
[2019.01.31-07.28.06:271][  0]LogPakFile: Registered encryption key '00000000000000000000000000000000': 0 pak files mounted, 0 remain pending
[2019.01.31-07.28.06:271][  0]LogPakFile: Registered encryption key '00000000000000000000000000000000': 0 pak files mounted, 0 remain pending
[2019.01.31-07.28.06:272][  0]LogPakFile: Registered encryption key '00000000000000000000000000000000': 0 pak files mounted, 0 remain pending
[2019.01.31-07.28.06:272][  0]LogPakFile: Registered encryption key '00000000000000000000000000000000': 0 pak files mounted, 0 remain pending
[2019.01.31-07.28.06:273][  0]LogPakFile: Registered encryption key '00000000000000000000000000000000': 0 pak files mounted, 0 remain pending
[2019.01.31-07.28.06:273][  0]LogPakFile: Registered encryption key '00000000000000000000000000000000': 0 pak files mounted, 0 remain pending
[2019.01.31-07.28.06:273][  0]LogPakFile: Registered encryption key '00000000000000000000000000000000': 0 pak files mounted, 0 remain pending
[2019.01.31-07.28.06:274][  0]LogPakFile: Registered encryption key '00000000000000000000000000000000': 0 pak files mounted, 0 remain pending
[2019.01.31-07.28.06:274][  0]LogPakFile: Registered encryption key '00000000000000000000000000000000': 0 pak files mounted, 0 remain pending
[2019.01.31-07.28.06:275][  0]LogPakFile: Registered encryption key '00000000000000000000000000000000': 0 pak files mounted, 0 remain pending
[2019.01.31-07.28.06:275][  0]LogPakFile: Registered encryption key '00000000000000000000000000000000': 0 pak files mounted, 0 remain pending
[2019.01.31-07.28.06:275][  0]LogPakFile: Registered encryption key '00000000000000000000000000000000': 0 pak files mounted, 0 remain pending
[2019.01.31-07.28.06:276][  0]LogPakFile: Registered encryption key '00000000000000000000000000000000': 0 pak files mounted, 0 remain pending
[2019.01.31-07.28.06:276][  0]LogPakFile: Registered encryption key '00000000000000000000000000000000': 0 pak files mounted, 0 remain pending
[2019.01.31-07.28.06:277][  0]LogPakFile: Registered encryption key '00000000000000000000000000000000': 0 pak files mounted, 0 remain pending
[2019.01.31-07.28.06:277][  0]LogPakFile: Registered encryption key '00000000000000000000000000000000': 0 pak files mounted, 0 remain pending
[2019.01.31-07.28.06:311][  0]LogContentBrowser: Native class hierarchy updated for 'AddContentDialog' in 0.0002 seconds. Added 0 classes and 0 folders.
[2019.01.31-07.28.06:317][  0]LogContentBrowser: Native class hierarchy updated for 'SceneOutliner' in 0.0003 seconds. Added 1 classes and 2 folders.
[2019.01.31-07.28.06:329][  0]LogSlate: Took 0.000179 seconds to synchronously load lazily loaded font '../../../Engine/Content/Slate/Fonts/Roboto-Regular.ttf' (155K)
[2019.01.31-07.28.06:331][  0]LogSlate: Took 0.000166 seconds to synchronously load lazily loaded font '../../../Engine/Content/Slate/Fonts/Roboto-Bold.ttf' (160K)
[2019.01.31-07.28.06:336][  0]LogSlate: Took 0.000362 seconds to synchronously load lazily loaded font '../../../Engine/Content/Editor/Slate/Fonts/FontAwesome.ttf' (139K)
[2019.01.31-07.28.06:397][  0]LogRenderer: Reallocating scene render targets to support 804x276 Format 10 NumSamples 1 (Frame:1).
[2019.01.31-07.28.06:539][  0]LogContentBrowser: Native class hierarchy updated for 'HierarchicalLODOutliner' in 0.0006 seconds. Added 0 classes and 0 folders.
[2019.01.31-07.28.06:539][  0]LogLoad: (Engine Initialization) Total time: 8.71 seconds
[2019.01.31-07.28.06:539][  0]LogLoad: (Engine Initialization) Total Blueprint compile time: 0.00 seconds
[2019.01.31-07.28.06:552][  0]LogWindowsTextInputMethodSystem: Display: IME system now deactivated.
[2019.01.31-07.28.06:604][  0]LogContentStreaming: Texture pool size now 1000 MB
[2019.01.31-07.28.06:617][  0]LogSlate: Took 0.000295 seconds to synchronously load lazily loaded font '../../../Engine/Content/Slate/Fonts/Roboto-Light.ttf' (167K)
[2019.01.31-07.28.06:671][  1]LogAssetRegistry: Asset discovery search completed in 4.6928 seconds
[2019.01.31-07.28.06:673][  1]LogCollectionManager: Rebuilt the object cache for 0 collections in 0.000000 seconds (found 0 objects)
[2019.01.31-07.28.06:673][  1]LogCollectionManager: Fixed up redirectors for 0 collections in 0.000034 seconds (updated 0 objects)
[2019.01.31-07.28.16:779][114]LogSlate: FSceneViewport::OnFocusLost() reason 0
[2019.01.31-07.28.28:469][304]MapCheck: New page: Map Check
[2019.01.31-07.28.28:492][304]Cmd: MAP REBUILD ALLVISIBLE
[2019.01.31-07.28.28:492][304]LogEditorServer: Rebuildmap Clear paths rebuilt
[2019.01.31-07.28.28:536][304]LogMaterial: Display: Missing cached shader map for material FDebugViewModeMaterialProxy MaterialInstanceDynamic_0, compiling. 
[2019.01.31-07.28.28:547][304]LogMaterial: Display: Missing cached shader map for material FDebugViewModeMaterialProxy CubeMaterial, compiling. 
[2019.01.31-07.28.28:553][304]LogShaderCompilers: Display: Shaders left to compile 2
[2019.01.31-07.28.28:553][304]LogShaderCompilers: Display: Shaders left to compile 1
[2019.01.31-07.28.28:553][304]LogMaterial: Display: Missing cached shader map for material FDebugViewModeMaterialProxy M_Rock_Sandstone, compiling. 
[2019.01.31-07.28.28:560][304]LogMaterial: Display: Missing cached shader map for material FDebugViewModeMaterialProxy MT_Key, compiling. 
[2019.01.31-07.28.28:567][304]LogMaterial: Display: Missing cached shader map for material FDebugViewModeMaterialProxy M_Frame, compiling. 
[2019.01.31-07.28.28:574][304]LogMaterial: Display: Missing cached shader map for material FDebugViewModeMaterialProxy M_Door, compiling. 
[2019.01.31-07.28.28:584][304]LogShaderCompilers: Display: Shaders left to compile 3
[2019.01.31-07.28.28:584][304]LogShaderCompilers: Display: Shaders left to compile 2
[2019.01.31-07.28.28:584][304]LogMaterial: Display: Missing cached shader map for material FDebugViewModeMaterialProxy M_Glass, compiling. 
[2019.01.31-07.28.28:593][304]LogMaterial: Display: Missing cached shader map for material FDebugViewModeMaterialProxy M_UE4Man_Body, compiling. 
[2019.01.31-07.28.28:603][304]LogMaterial: Display: Missing cached shader map for material FDebugViewModeMaterialProxy M_UE4Man_ChestLogo, compiling. 
[2019.01.31-07.28.28:615][304]LogMaterial: Display: Missing cached shader map for material FDebugViewModeMaterialProxy MatineeCam_mat, compiling. 
[2019.01.31-07.28.28:622][304]LogMaterial: Display: Missing cached shader map for material FDebugViewModeMaterialProxy BasicShapeMaterial, compiling. 
[2019.01.31-07.28.29:452][304]LogShaderCompilers: Display: Shaders left to compile 7
[2019.01.31-07.28.29:452][304]LogShaderCompilers: Display: Shaders left to compile 6
[2019.01.31-07.28.29:452][304]LogShaderCompilers: Display: Shaders left to compile 5
[2019.01.31-07.28.29:452][304]LogShaderCompilers: Display: Shaders left to compile 4
[2019.01.31-07.28.29:452][304]LogShaderCompilers: Display: Shaders left to compile 3
[2019.01.31-07.28.29:452][304]LogShaderCompilers: Display: Shaders left to compile 2
[2019.01.31-07.28.29:452][304]LogShaderCompilers: Display: Shaders left to compile 1
[2019.01.31-07.28.29:452][304]TextureStreamingBuild: Display: Compiling optional shaders took 0.920 seconds.
[2019.01.31-07.28.29:466][304]LogLevel: Display: Export Material TexCoord Scales took 0.014 seconds.
[2019.01.31-07.28.29:473][304]TextureStreamingBuild: Display: Build Texture Streaming took 0.007 seconds.
[2019.01.31-07.28.29:494][304]LightingResults: New page: Lighting Build - Jan 31, 2019, 9:28:29 AM
[2019.01.31-07.28.29:528][304]LogSwarmInterface: [OpenConnection] Registering TCP channel ...
[2019.01.31-07.28.29:693][304]LogSwarmInterface: [OpenConnection] Connecting to agent ...
[2019.01.31-07.28.29:705][304]LogSwarmInterface: [TryOpenConnection] Testing the Agent
[2019.01.31-07.28.30:764][304]LogSwarmInterface: [TryOpenConnection] Opening Connection to Agent
[2019.01.31-07.28.30:764][304]LogSwarmInterface: [TryOpenConnection] Local Process ID is 5276
